2023-08-06 04:09:49.428159 - Initialized conversion of CBT454
2023-08-06 04:09:54.265713 - Received CBT.V505.FILE454.PDS from FILE454.XMI 
2023-08-06 04:09:54.268255 - Found $$$#DATE.txt (text/plain) in CBT.V505.FILE454.PDS, moved to PDS/$$$#DATE
2023-08-06 04:09:54.269235 - Found $$$DOC.txt (text/plain) in CBT.V505.FILE454.PDS, moved to PDS/$$$DOC
2023-08-06 04:09:54.270172 - Found $$$PROCS.jcl (text/plain) in CBT.V505.FILE454.PDS, moved to PDS/$$$PROCS
2023-08-06 04:09:54.271180 - Found $AIRD.txt (text/plain) in CBT.V505.FILE454.PDS, moved to PDS/$AIRD
2023-08-06 04:09:54.272115 - Found $CATSC.txt (text/plain) in CBT.V505.FILE454.PDS, moved to PDS/$CATSC
2023-08-06 04:09:54.273030 - Found $CATSO.txt (text/plain) in CBT.V505.FILE454.PDS, moved to PDS/$CATSO
2023-08-06 04:09:54.273978 - Found $CATSR.txt (text/plain) in CBT.V505.FILE454.PDS, moved to PDS/$CATSR
2023-08-06 04:09:54.274923 - Found $CEPA.txt (text/plain) in CBT.V505.FILE454.PDS, moved to PDS/$CEPA
2023-08-06 04:09:54.275810 - Found $CRS.txt (text/plain) in CBT.V505.FILE454.PDS, moved to PDS/$CRS
2023-08-06 04:09:54.276683 - Found $CTLGD.txt (text/plain) in CBT.V505.FILE454.PDS, moved to PDS/$CTLGD
2023-08-06 04:09:54.277564 - Found $DARSCA.txt (text/plain) in CBT.V505.FILE454.PDS, moved to PDS/$DARSCA
2023-08-06 04:09:54.278445 - Found $DASCAN.txt (text/plain) in CBT.V505.FILE454.PDS, moved to PDS/$DASCAN
2023-08-06 04:09:54.279330 - Found $DAUNTY.txt (text/plain) in CBT.V505.FILE454.PDS, moved to PDS/$DAUNTY
2023-08-06 04:09:54.280192 - Found $DAVALL.txt (text/plain) in CBT.V505.FILE454.PDS, moved to PDS/$DAVALL
2023-08-06 04:09:54.281079 - Found $DAVFR.txt (text/plain) in CBT.V505.FILE454.PDS, moved to PDS/$DAVFR
2023-08-06 04:09:54.282028 - Found $DEFREG.txt (text/plain) in CBT.V505.FILE454.PDS, moved to PDS/$DEFREG
2023-08-06 04:09:54.282943 - Found $DEFREG@.txt (text/plain) in CBT.V505.FILE454.PDS, moved to PDS/$DEFREG@
2023-08-06 04:09:54.283853 - Found $DVTYUN.txt (text/plain) in CBT.V505.FILE454.PDS, moved to PDS/$DVTYUN
2023-08-06 04:09:54.284745 - Found $DYNALL.txt (text/plain) in CBT.V505.FILE454.PDS, moved to PDS/$DYNALL
2023-08-06 04:09:54.285623 - Found $DYNCC.txt (text/plain) in CBT.V505.FILE454.PDS, moved to PDS/$DYNCC
2023-08-06 04:09:54.286489 - Found $DYNDC.txt (text/plain) in CBT.V505.FILE454.PDS, moved to PDS/$DYNDC
2023-08-06 04:09:54.287346 - Found $DYNLIST.txt (text/plain) in CBT.V505.FILE454.PDS, moved to PDS/$DYNLIST
2023-08-06 04:09:54.288222 - Found $EACM.txt (text/plain) in CBT.V505.FILE454.PDS, moved to PDS/$EACM
2023-08-06 04:09:54.289107 - Found $EDITH.txt (text/plain) in CBT.V505.FILE454.PDS, moved to PDS/$EDITH
2023-08-06 04:09:54.290119 - Found $FS.txt (text/plain) in CBT.V505.FILE454.PDS, moved to PDS/$FS
2023-08-06 04:09:54.291032 - Found $FS$TV.txt (text/plain) in CBT.V505.FILE454.PDS, moved to PDS/$FS$TV
2023-08-06 04:09:54.291886 - Found $FS@.txt (text/plain) in CBT.V505.FILE454.PDS, moved to PDS/$FS@
2023-08-06 04:09:54.292734 - Found $FSCC.txt (text/plain) in CBT.V505.FILE454.PDS, moved to PDS/$FSCC
2023-08-06 04:09:54.293614 - Found $FSDOT.txt (text/plain) in CBT.V505.FILE454.PDS, moved to PDS/$FSDOT
2023-08-06 04:09:54.294475 - Found $FSRA.txt (text/plain) in CBT.V505.FILE454.PDS, moved to PDS/$FSRA
2023-08-06 04:09:54.295324 - Found $FSSA.txt (text/plain) in CBT.V505.FILE454.PDS, moved to PDS/$FSSA
2023-08-06 04:09:54.296162 - Found $FSSBA.txt (text/plain) in CBT.V505.FILE454.PDS, moved to PDS/$FSSBA
2023-08-06 04:09:54.297044 - Found $FSSET.txt (text/plain) in CBT.V505.FILE454.PDS, moved to PDS/$FSSET
2023-08-06 04:09:54.297930 - Found $FSSF.txt (text/plain) in CBT.V505.FILE454.PDS, moved to PDS/$FSSF
2023-08-06 04:09:54.298789 - Found $FSSFE.txt (text/plain) in CBT.V505.FILE454.PDS, moved to PDS/$FSSFE
2023-08-06 04:09:54.299628 - Found $FSTXT.txt (text/plain) in CBT.V505.FILE454.PDS, moved to PDS/$FSTXT
2023-08-06 04:09:54.300485 - Found $FSWCC.txt (text/plain) in CBT.V505.FILE454.PDS, moved to PDS/$FSWCC
2023-08-06 04:09:54.301380 - Found $GDATE.txt (text/plain) in CBT.V505.FILE454.PDS, moved to PDS/$GDATE
2023-08-06 04:09:54.302287 - Found $GFDATE.txt (text/plain) in CBT.V505.FILE454.PDS, moved to PDS/$GFDATE
2023-08-06 04:09:54.303127 - Found $GGUCL.txt (text/plain) in CBT.V505.FILE454.PDS, moved to PDS/$GGUCL
2023-08-06 04:09:54.303976 - Found $GGUR.txt (text/plain) in CBT.V505.FILE454.PDS, moved to PDS/$GGUR
2023-08-06 04:09:54.304843 - Found $GSDATE.txt (text/plain) in CBT.V505.FILE454.PDS, moved to PDS/$GSDATE
2023-08-06 04:09:54.305942 - Found $GUACL.txt (text/plain) in CBT.V505.FILE454.PDS, moved to PDS/$GUACL
2023-08-06 04:09:54.306876 - Found $GUAR.txt (text/plain) in CBT.V505.FILE454.PDS, moved to PDS/$GUAR
2023-08-06 04:09:54.307852 - Found $HEDIT.txt (text/plain) in CBT.V505.FILE454.PDS, moved to PDS/$HEDIT
2023-08-06 04:09:54.308740 - Found $HEDIT@.txt (text/plain) in CBT.V505.FILE454.PDS, moved to PDS/$HEDIT@
2023-08-06 04:09:54.309691 - Found $ICFCD.txt (text/plain) in CBT.V505.FILE454.PDS, moved to PDS/$ICFCD
2023-08-06 04:09:54.310567 - Found $ICFSC.txt (text/plain) in CBT.V505.FILE454.PDS, moved to PDS/$ICFSC
2023-08-06 04:09:54.311447 - Found $ICFSO.txt (text/plain) in CBT.V505.FILE454.PDS, moved to PDS/$ICFSO
2023-08-06 04:09:54.312311 - Found $ICFSR.txt (text/plain) in CBT.V505.FILE454.PDS, moved to PDS/$ICFSR
2023-08-06 04:09:54.313184 - Found $ICFSW.txt (text/plain) in CBT.V505.FILE454.PDS, moved to PDS/$ICFSW
2023-08-06 04:09:54.314180 - Found $IDENT.txt (text/plain) in CBT.V505.FILE454.PDS, moved to PDS/$IDENT
2023-08-06 04:09:54.315093 - Found $INSORT.txt (text/plain) in CBT.V505.FILE454.PDS, moved to PDS/$INSORT
2023-08-06 04:09:54.315928 - Found $ISPF.txt (text/plain) in CBT.V505.FILE454.PDS, moved to PDS/$ISPF
2023-08-06 04:09:54.316819 - Found $MCLOSE.txt (text/plain) in CBT.V505.FILE454.PDS, moved to PDS/$MCLOSE
2023-08-06 04:09:54.317713 - Found $MDL@IX.txt (text/plain) in CBT.V505.FILE454.PDS, moved to PDS/$MDL@IX
2023-08-06 04:09:54.318591 - Found $MFIND.txt (text/plain) in CBT.V505.FILE454.PDS, moved to PDS/$MFIND
2023-08-06 04:09:54.319517 - Found $MOPEN.txt (text/plain) in CBT.V505.FILE454.PDS, moved to PDS/$MOPEN
2023-08-06 04:09:54.320523 - Found $MREAD.txt (text/plain) in CBT.V505.FILE454.PDS, moved to PDS/$MREAD
2023-08-06 04:09:54.321452 - Found $NOSWAP.txt (text/plain) in CBT.V505.FILE454.PDS, moved to PDS/$NOSWAP
2023-08-06 04:09:54.322403 - Found $OKSWAP.txt (text/plain) in CBT.V505.FILE454.PDS, moved to PDS/$OKSWAP
2023-08-06 04:09:54.323286 - Found $OPCOM.txt (text/plain) in CBT.V505.FILE454.PDS, moved to PDS/$OPCOM
2023-08-06 04:09:54.324211 - Found $PCLOSE.txt (text/plain) in CBT.V505.FILE454.PDS, moved to PDS/$PCLOSE
2023-08-06 04:09:54.325153 - Found $PDCLOSE.txt (text/plain) in CBT.V505.FILE454.PDS, moved to PDS/$PDCLOSE
2023-08-06 04:09:54.326112 - Found $PDOPEN.txt (text/plain) in CBT.V505.FILE454.PDS, moved to PDS/$PDOPEN
2023-08-06 04:09:54.327061 - Found $PDREAD.txt (text/plain) in CBT.V505.FILE454.PDS, moved to PDS/$PDREAD
2023-08-06 04:09:54.328027 - Found $PLCLOSE.txt (text/plain) in CBT.V505.FILE454.PDS, moved to PDS/$PLCLOSE
2023-08-06 04:09:54.328991 - Found $PLOPEN.txt (text/plain) in CBT.V505.FILE454.PDS, moved to PDS/$PLOPEN
2023-08-06 04:09:54.329884 - Found $PLPOINT.txt (text/plain) in CBT.V505.FILE454.PDS, moved to PDS/$PLPOINT
2023-08-06 04:09:54.330768 - Found $PLREAD.txt (text/plain) in CBT.V505.FILE454.PDS, moved to PDS/$PLREAD
2023-08-06 04:09:54.331667 - Found $PRINT.txt (text/plain) in CBT.V505.FILE454.PDS, moved to PDS/$PRINT
2023-08-06 04:09:54.332626 - Found $PUNCH.txt (text/plain) in CBT.V505.FILE454.PDS, moved to PDS/$PUNCH
2023-08-06 04:09:54.333570 - Found $RCLOSE.txt (text/plain) in CBT.V505.FILE454.PDS, moved to PDS/$RCLOSE
2023-08-06 04:09:54.334533 - Found $RDCHK.txt (text/plain) in CBT.V505.FILE454.PDS, moved to PDS/$RDCHK
2023-08-06 04:09:54.335484 - Found $READ.txt (text/plain) in CBT.V505.FILE454.PDS, moved to PDS/$READ
2023-08-06 04:09:54.336466 - Found $SDATE.txt (text/plain) in CBT.V505.FILE454.PDS, moved to PDS/$SDATE
2023-08-06 04:09:54.337472 - Found $SETOPC.txt (text/plain) in CBT.V505.FILE454.PDS, moved to PDS/$SETOPC
2023-08-06 04:09:54.338387 - Found $SIDTB.txt (text/plain) in CBT.V505.FILE454.PDS, moved to PDS/$SIDTB
2023-08-06 04:09:54.339299 - Found $SNAP.txt (text/plain) in CBT.V505.FILE454.PDS, moved to PDS/$SNAP
2023-08-06 04:09:54.340276 - Found $SORT.txt (text/plain) in CBT.V505.FILE454.PDS, moved to PDS/$SORT
2023-08-06 04:09:54.341309 - Found $SORT@.txt (text/plain) in CBT.V505.FILE454.PDS, moved to PDS/$SORT@
2023-08-06 04:09:54.342283 - Found $SRPI.txt (text/plain) in CBT.V505.FILE454.PDS, moved to PDS/$SRPI
2023-08-06 04:09:54.343232 - Found $SSCMD.txt (text/plain) in CBT.V505.FILE454.PDS, moved to PDS/$SSCMD
2023-08-06 04:09:54.344163 - Found $TEW$DS.txt (text/plain) in CBT.V505.FILE454.PDS, moved to PDS/$TEW$DS
2023-08-06 04:09:54.345168 - Found $TEW$EC.txt (text/plain) in CBT.V505.FILE454.PDS, moved to PDS/$TEW$EC
2023-08-06 04:09:54.346116 - Found $TEW$PP.txt (text/plain) in CBT.V505.FILE454.PDS, moved to PDS/$TEW$PP
2023-08-06 04:09:54.347094 - Found $TEW$WA.txt (text/plain) in CBT.V505.FILE454.PDS, moved to PDS/$TEW$WA
2023-08-06 04:09:54.347982 - Found $TEW@.txt (text/plain) in CBT.V505.FILE454.PDS, moved to PDS/$TEW@
2023-08-06 04:09:54.348913 - Found $TREQ.txt (text/plain) in CBT.V505.FILE454.PDS, moved to PDS/$TREQ
2023-08-06 04:09:54.349899 - Found $TSWXA.txt (text/plain) in CBT.V505.FILE454.PDS, moved to PDS/$TSWXA
2023-08-06 04:09:54.350833 - Found $TSWXA@.txt (text/plain) in CBT.V505.FILE454.PDS, moved to PDS/$TSWXA@
2023-08-06 04:09:54.351749 - Found $UCLOSE.txt (text/plain) in CBT.V505.FILE454.PDS, moved to PDS/$UCLOSE
2023-08-06 04:09:54.352686 - Found $UJVT.txt (text/plain) in CBT.V505.FILE454.PDS, moved to PDS/$UJVT
2023-08-06 04:09:54.353623 - Found $VCLOSE.txt (text/plain) in CBT.V505.FILE454.PDS, moved to PDS/$VCLOSE
2023-08-06 04:09:54.354574 - Found $VOPEN.txt (text/plain) in CBT.V505.FILE454.PDS, moved to PDS/$VOPEN
2023-08-06 04:09:54.355486 - Found $VREAD.txt (text/plain) in CBT.V505.FILE454.PDS, moved to PDS/$VREAD
2023-08-06 04:09:54.356443 - Found $VTOCDC.txt (text/plain) in CBT.V505.FILE454.PDS, moved to PDS/$VTOCDC
2023-08-06 04:09:54.357419 - Found $VTOCDO.txt (text/plain) in CBT.V505.FILE454.PDS, moved to PDS/$VTOCDO
2023-08-06 04:09:54.358306 - Found $VTOCDR.txt (text/plain) in CBT.V505.FILE454.PDS, moved to PDS/$VTOCDR
2023-08-06 04:09:54.359242 - Found $VTOCDW.txt (text/plain) in CBT.V505.FILE454.PDS, moved to PDS/$VTOCDW
2023-08-06 04:09:54.360176 - Found $VTOCQC.txt (text/plain) in CBT.V505.FILE454.PDS, moved to PDS/$VTOCQC
2023-08-06 04:09:54.361138 - Found $VTOCQO.txt (text/plain) in CBT.V505.FILE454.PDS, moved to PDS/$VTOCQO
2023-08-06 04:09:54.362118 - Found $VTOCQR.txt (text/plain) in CBT.V505.FILE454.PDS, moved to PDS/$VTOCQR
2023-08-06 04:09:54.363056 - Found $VTOCSC.txt (text/plain) in CBT.V505.FILE454.PDS, moved to PDS/$VTOCSC
2023-08-06 04:09:54.363981 - Found $VTOCSO.txt (text/plain) in CBT.V505.FILE454.PDS, moved to PDS/$VTOCSO
2023-08-06 04:09:54.364942 - Found $VTOCSR.txt (text/plain) in CBT.V505.FILE454.PDS, moved to PDS/$VTOCSR
2023-08-06 04:09:54.365893 - Found $VTTCAM.txt (text/plain) in CBT.V505.FILE454.PDS, moved to PDS/$VTTCAM
2023-08-06 04:09:54.366875 - Found $XENT.txt (text/plain) in CBT.V505.FILE454.PDS, moved to PDS/$XENT
2023-08-06 04:09:54.367838 - Found $XENT@.txt (text/plain) in CBT.V505.FILE454.PDS, moved to PDS/$XENT@
2023-08-06 04:09:54.368778 - Found $XRET.txt (text/plain) in CBT.V505.FILE454.PDS, moved to PDS/$XRET
2023-08-06 04:09:54.369742 - Found $XRET@.txt (text/plain) in CBT.V505.FILE454.PDS, moved to PDS/$XRET@
2023-08-06 04:09:54.370716 - Found $XTC.txt (text/plain) in CBT.V505.FILE454.PDS, moved to PDS/$XTC
2023-08-06 04:09:54.371632 - Found #DOC#.txt (text/plain) in CBT.V505.FILE454.PDS, moved to PDS/#DOC#
2023-08-06 04:09:54.372582 - Found #INFO#.txt (text/plain) in CBT.V505.FILE454.PDS, moved to PDS/#INFO#
2023-08-06 04:09:54.373522 - Found #MANUAL#.txt (text/plain) in CBT.V505.FILE454.PDS, moved to PDS/#MANUAL#
2023-08-06 04:09:54.374399 - Found @FILE454.txt (text/plain) in CBT.V505.FILE454.PDS, moved to PDS/@FILE454
2023-08-06 04:09:54.375314 - Found @FS.txt (text/plain) in CBT.V505.FILE454.PDS, moved to PDS/@FS
2023-08-06 04:09:54.376239 - Found @FSBA.txt (text/plain) in CBT.V505.FILE454.PDS, moved to PDS/@FSBA
2023-08-06 04:09:54.377218 - Found @FSI.txt (text/plain) in CBT.V505.FILE454.PDS, moved to PDS/@FSI
2023-08-06 04:09:54.378186 - Found @FSO.txt (text/plain) in CBT.V505.FILE454.PDS, moved to PDS/@FSO
2023-08-06 04:09:54.379173 - Found @FSQ.txt (text/plain) in CBT.V505.FILE454.PDS, moved to PDS/@FSQ
2023-08-06 04:09:54.380160 - Found @FSR.txt (text/plain) in CBT.V505.FILE454.PDS, moved to PDS/@FSR
2023-08-06 04:09:54.381182 - Found @FSRC.txt (text/plain) in CBT.V505.FILE454.PDS, moved to PDS/@FSRC
2023-08-06 04:09:54.382146 - Found @FST.txt (text/plain) in CBT.V505.FILE454.PDS, moved to PDS/@FST
2023-08-06 04:09:54.383061 - Found ALLOCGD$.jcl (text/plain) in CBT.V505.FILE454.PDS, moved to PDS/ALLOCGD$
2023-08-06 04:09:54.384149 - Found ALLOCGD@.txt (text/plain) in CBT.V505.FILE454.PDS, moved to PDS/ALLOCGD@
2023-08-06 04:09:54.385026 - Found ALLOCGDG.txt (text/plain) in CBT.V505.FILE454.PDS, moved to PDS/ALLOCGDG
2023-08-06 04:09:54.385912 - Found ALLOCGDH.txt (text/plain) in CBT.V505.FILE454.PDS, moved to PDS/ALLOCGDH
2023-08-06 04:09:54.386761 - Found AUTHC.txt (text/plain) in CBT.V505.FILE454.PDS, moved to PDS/AUTHC
2023-08-06 04:09:54.387552 - Found AUTHC$.jcl (text/plain) in CBT.V505.FILE454.PDS, moved to PDS/AUTHC$
2023-08-06 04:09:54.388361 - Found AUTHC@.txt (text/plain) in CBT.V505.FILE454.PDS, moved to PDS/AUTHC@
2023-08-06 04:09:54.389202 - Found AUTHCTL.txt (text/plain) in CBT.V505.FILE454.PDS, moved to PDS/AUTHCTL
2023-08-06 04:09:54.390114 - Found AUTHCTL$.jcl (text/plain) in CBT.V505.FILE454.PDS, moved to PDS/AUTHCTL$
2023-08-06 04:09:54.390956 - Found AUTHCTL@.txt (text/plain) in CBT.V505.FILE454.PDS, moved to PDS/AUTHCTL@
2023-08-06 04:09:54.391791 - Found AUTHSVC.txt (text/plain) in CBT.V505.FILE454.PDS, moved to PDS/AUTHSVC
2023-08-06 04:09:54.392632 - Found AUTHSVC$.jcl (text/plain) in CBT.V505.FILE454.PDS, moved to PDS/AUTHSVC$
2023-08-06 04:09:54.393542 - Found AUTHSVC@.txt (text/plain) in CBT.V505.FILE454.PDS, moved to PDS/AUTHSVC@
2023-08-06 04:09:54.394515 - Found AUTHUGT.txt (text/plain) in CBT.V505.FILE454.PDS, moved to PDS/AUTHUGT
2023-08-06 04:09:54.395570 - Found BIG.txt (text/plain) in CBT.V505.FILE454.PDS, moved to PDS/BIG
2023-08-06 04:09:54.396456 - Found BIG@.txt (text/plain) in CBT.V505.FILE454.PDS, moved to PDS/BIG@
2023-08-06 04:09:54.397343 - Found BIGS.txt (text/plain) in CBT.V505.FILE454.PDS, moved to PDS/BIGS
2023-08-06 04:09:54.398442 - Found BIGS@.txt (text/plain) in CBT.V505.FILE454.PDS, moved to PDS/BIGS@
2023-08-06 04:09:54.399430 - Found BLOCK.txt (text/plain) in CBT.V505.FILE454.PDS, moved to PDS/BLOCK
2023-08-06 04:09:54.400366 - Found BLOCK@.txt (text/plain) in CBT.V505.FILE454.PDS, moved to PDS/BLOCK@
2023-08-06 04:09:54.401426 - Found CATS.txt (text/plain) in CBT.V505.FILE454.PDS, moved to PDS/CATS
2023-08-06 04:09:54.402509 - Found CATS$.jcl (text/plain) in CBT.V505.FILE454.PDS, moved to PDS/CATS$
2023-08-06 04:09:54.403500 - Found CATS@.txt (text/plain) in CBT.V505.FILE454.PDS, moved to PDS/CATS@
2023-08-06 04:09:54.404571 - Found CBOOK000.txt (text/plain) in CBT.V505.FILE454.PDS, moved to PDS/CBOOK000
2023-08-06 04:09:54.405525 - Found CENTER.txt (text/plain) in CBT.V505.FILE454.PDS, moved to PDS/CENTER
2023-08-06 04:09:54.406435 - Found CENTER@.txt (text/plain) in CBT.V505.FILE454.PDS, moved to PDS/CENTER@
2023-08-06 04:09:54.407337 - Found CNVCLIS$.jcl (text/plain) in CBT.V505.FILE454.PDS, moved to PDS/CNVCLIS$
2023-08-06 04:09:54.408244 - Found CNVCLIS@.txt (text/plain) in CBT.V505.FILE454.PDS, moved to PDS/CNVCLIS@
2023-08-06 04:09:54.409257 - Found CNVCLIST.txt (text/plain) in CBT.V505.FILE454.PDS, moved to PDS/CNVCLIST
2023-08-06 04:09:54.410323 - Found COMPRES@.txt (text/plain) in CBT.V505.FILE454.PDS, moved to PDS/COMPRES@
2023-08-06 04:09:54.411256 - Found COMPRESS.txt (text/plain) in CBT.V505.FILE454.PDS, moved to PDS/COMPRESS
2023-08-06 04:09:54.412152 - Found CONCAT.txt (text/plain) in CBT.V505.FILE454.PDS, moved to PDS/CONCAT
2023-08-06 04:09:54.413106 - Found CONCAT$.jcl (text/plain) in CBT.V505.FILE454.PDS, moved to PDS/CONCAT$
2023-08-06 04:09:54.414133 - Found CONCAT@.txt (text/plain) in CBT.V505.FILE454.PDS, moved to PDS/CONCAT@
2023-08-06 04:09:54.415167 - Found CONCATH.txt (text/plain) in CBT.V505.FILE454.PDS, moved to PDS/CONCATH
2023-08-06 04:09:54.416105 - Found CONT.txt (text/plain) in CBT.V505.FILE454.PDS, moved to PDS/CONT
2023-08-06 04:09:54.417109 - Found CONT@.txt (text/plain) in CBT.V505.FILE454.PDS, moved to PDS/CONT@
2023-08-06 04:09:54.418097 - Found CONTROL.txt (text/plain) in CBT.V505.FILE454.PDS, moved to PDS/CONTROL
2023-08-06 04:09:54.419094 - Found CONTROL@.txt (text/plain) in CBT.V505.FILE454.PDS, moved to PDS/CONTROL@
2023-08-06 04:09:54.420122 - Found CP.txt (text/plain) in CBT.V505.FILE454.PDS, moved to PDS/CP
2023-08-06 04:09:54.421202 - Found CP$.jcl (text/plain) in CBT.V505.FILE454.PDS, moved to PDS/CP$
2023-08-06 04:09:54.422222 - Found CP@.txt (text/plain) in CBT.V505.FILE454.PDS, moved to PDS/CP@
2023-08-06 04:09:54.423243 - Found CRY.txt (text/plain) in CBT.V505.FILE454.PDS, moved to PDS/CRY
2023-08-06 04:09:54.424243 - Found CRY$.jcl (text/plain) in CBT.V505.FILE454.PDS, moved to PDS/CRY$
2023-08-06 04:09:54.425246 - Found CRY@.txt (text/plain) in CBT.V505.FILE454.PDS, moved to PDS/CRY@
2023-08-06 04:09:54.426314 - Found CUT.txt (text/plain) in CBT.V505.FILE454.PDS, moved to PDS/CUT
2023-08-06 04:09:54.427284 - Found CUT#.txt (text/plain) in CBT.V505.FILE454.PDS, moved to PDS/CUT#
2023-08-06 04:09:54.428251 - Found CUT@.txt (text/plain) in CBT.V505.FILE454.PDS, moved to PDS/CUT@
2023-08-06 04:09:54.429263 - Found DASCAN.txt (text/plain) in CBT.V505.FILE454.PDS, moved to PDS/DASCAN
2023-08-06 04:09:54.430285 - Found DASCAN$.jcl (text/plain) in CBT.V505.FILE454.PDS, moved to PDS/DASCAN$
2023-08-06 04:09:54.431254 - Found DASCAN@.txt (text/plain) in CBT.V505.FILE454.PDS, moved to PDS/DASCAN@
2023-08-06 04:09:54.432193 - Found DAUNTY.txt (text/plain) in CBT.V505.FILE454.PDS, moved to PDS/DAUNTY
2023-08-06 04:09:54.433193 - Found DAUNTY$.jcl (text/plain) in CBT.V505.FILE454.PDS, moved to PDS/DAUNTY$
2023-08-06 04:09:54.434175 - Found DAUNTY@.txt (text/plain) in CBT.V505.FILE454.PDS, moved to PDS/DAUNTY@
2023-08-06 04:09:54.435127 - Found DAVALL.txt (text/plain) in CBT.V505.FILE454.PDS, moved to PDS/DAVALL
2023-08-06 04:09:54.436060 - Found DAVALL$.jcl (text/plain) in CBT.V505.FILE454.PDS, moved to PDS/DAVALL$
2023-08-06 04:09:54.437022 - Found DAVALL@.txt (text/plain) in CBT.V505.FILE454.PDS, moved to PDS/DAVALL@
2023-08-06 04:09:54.438107 - Found DECONCA$.jcl (text/plain) in CBT.V505.FILE454.PDS, moved to PDS/DECONCA$
2023-08-06 04:09:54.439036 - Found DECONCA@.txt (text/plain) in CBT.V505.FILE454.PDS, moved to PDS/DECONCA@
2023-08-06 04:09:54.439971 - Found DECONCAH.txt (text/plain) in CBT.V505.FILE454.PDS, moved to PDS/DECONCAH
2023-08-06 04:09:54.440967 - Found DECONCAT.txt (text/plain) in CBT.V505.FILE454.PDS, moved to PDS/DECONCAT
2023-08-06 04:09:54.441972 - Found DECRYPT.txt (text/plain) in CBT.V505.FILE454.PDS, moved to PDS/DECRYPT
2023-08-06 04:09:54.442953 - Found DTSO.txt (text/plain) in CBT.V505.FILE454.PDS, moved to PDS/DTSO
2023-08-06 04:09:54.443965 - Found DTSO$.jcl (text/plain) in CBT.V505.FILE454.PDS, moved to PDS/DTSO$
2023-08-06 04:09:54.445033 - Found DTSO@.txt (text/plain) in CBT.V505.FILE454.PDS, moved to PDS/DTSO@
2023-08-06 04:09:54.446066 - Found DTSOH.txt (text/plain) in CBT.V505.FILE454.PDS, moved to PDS/DTSOH
2023-08-06 04:09:54.447194 - Found DTUR.txt (text/plain) in CBT.V505.FILE454.PDS, moved to PDS/DTUR
2023-08-06 04:09:54.448407 - Found DTUR$.jcl (text/plain) in CBT.V505.FILE454.PDS, moved to PDS/DTUR$
2023-08-06 04:09:54.449486 - Found DTUR@.txt (text/plain) in CBT.V505.FILE454.PDS, moved to PDS/DTUR@
2023-08-06 04:09:54.450551 - Found DVTYUN.txt (text/plain) in CBT.V505.FILE454.PDS, moved to PDS/DVTYUN
2023-08-06 04:09:54.451509 - Found DVTYUN$.jcl (text/plain) in CBT.V505.FILE454.PDS, moved to PDS/DVTYUN$
2023-08-06 04:09:54.452364 - Found DVTYUN@.txt (text/plain) in CBT.V505.FILE454.PDS, moved to PDS/DVTYUN@
2023-08-06 04:09:54.453290 - Found DYNALL.txt (text/plain) in CBT.V505.FILE454.PDS, moved to PDS/DYNALL
2023-08-06 04:09:54.454189 - Found DYNALL$.jcl (text/plain) in CBT.V505.FILE454.PDS, moved to PDS/DYNALL$
2023-08-06 04:09:54.455059 - Found DYNALL@.txt (text/plain) in CBT.V505.FILE454.PDS, moved to PDS/DYNALL@
2023-08-06 04:09:54.455911 - Found DYNCC.txt (text/plain) in CBT.V505.FILE454.PDS, moved to PDS/DYNCC
2023-08-06 04:09:54.456754 - Found DYNCC$.jcl (text/plain) in CBT.V505.FILE454.PDS, moved to PDS/DYNCC$
2023-08-06 04:09:54.457646 - Found DYNCC@.txt (text/plain) in CBT.V505.FILE454.PDS, moved to PDS/DYNCC@
2023-08-06 04:09:54.458774 - Found EDITH.txt (text/plain) in CBT.V505.FILE454.PDS, moved to PDS/EDITH
2023-08-06 04:09:54.459814 - Found EDITH$.jcl (text/plain) in CBT.V505.FILE454.PDS, moved to PDS/EDITH$
2023-08-06 04:09:54.460708 - Found EDITH@.txt (text/plain) in CBT.V505.FILE454.PDS, moved to PDS/EDITH@
2023-08-06 04:09:54.461622 - Found EDITMACS.txt (text/plain) in CBT.V505.FILE454.PDS, moved to PDS/EDITMACS
2023-08-06 04:09:54.461634 - Found EDITMACT.bin containing application/octet-stream, moved to PDS/EDITMACT
2023-08-06 04:09:54.463327 - Found EDMODE.txt (text/plain) in CBT.V505.FILE454.PDS, moved to PDS/EDMODE
2023-08-06 04:09:54.464145 - Found EDMODE@.txt (text/plain) in CBT.V505.FILE454.PDS, moved to PDS/EDMODE@
2023-08-06 04:09:54.465002 - Found EDVIO.txt (text/plain) in CBT.V505.FILE454.PDS, moved to PDS/EDVIO
2023-08-06 04:09:54.466090 - Found ENCRYPT.txt (text/plain) in CBT.V505.FILE454.PDS, moved to PDS/ENCRYPT
2023-08-06 04:09:54.467048 - Found ENDECR@.txt (text/plain) in CBT.V505.FILE454.PDS, moved to PDS/ENDECR@
2023-08-06 04:09:54.467861 - Found EOL.txt (text/plain) in CBT.V505.FILE454.PDS, moved to PDS/EOL
2023-08-06 04:09:54.468811 - Found EOL@.txt (text/plain) in CBT.V505.FILE454.PDS, moved to PDS/EOL@
2023-08-06 04:09:54.469722 - Found ERASE$.jcl (text/plain) in CBT.V505.FILE454.PDS, moved to PDS/ERASE$
2023-08-06 04:09:54.470704 - Found ERASE@.txt (text/plain) in CBT.V505.FILE454.PDS, moved to PDS/ERASE@
2023-08-06 04:09:54.471570 - Found ERASESYM.txt (text/plain) in CBT.V505.FILE454.PDS, moved to PDS/ERASESYM
2023-08-06 04:09:54.472420 - Found EURACFT.txt (text/plain) in CBT.V505.FILE454.PDS, moved to PDS/EURACFT
2023-08-06 04:09:54.473269 - Found EURACFT$.jcl (text/plain) in CBT.V505.FILE454.PDS, moved to PDS/EURACFT$
2023-08-06 04:09:54.474180 - Found EURACFT@.txt (text/plain) in CBT.V505.FILE454.PDS, moved to PDS/EURACFT@
2023-08-06 04:09:54.475000 - Found EURACFTH.txt (text/plain) in CBT.V505.FILE454.PDS, moved to PDS/EURACFTH
2023-08-06 04:09:54.475829 - Found EUSID.txt (text/plain) in CBT.V505.FILE454.PDS, moved to PDS/EUSID
2023-08-06 04:09:54.476660 - Found EUSID$.jcl (text/plain) in CBT.V505.FILE454.PDS, moved to PDS/EUSID$
2023-08-06 04:09:54.477799 - Found EUSID@.txt (text/plain) in CBT.V505.FILE454.PDS, moved to PDS/EUSID@
2023-08-06 04:09:54.478749 - Found EUSIDH.txt (text/plain) in CBT.V505.FILE454.PDS, moved to PDS/EUSIDH
2023-08-06 04:09:54.479724 - Found EUSMF.txt (text/plain) in CBT.V505.FILE454.PDS, moved to PDS/EUSMF
2023-08-06 04:09:54.480699 - Found EUSMF$.jcl (text/plain) in CBT.V505.FILE454.PDS, moved to PDS/EUSMF$
2023-08-06 04:09:54.481811 - Found EUSMF@.txt (text/plain) in CBT.V505.FILE454.PDS, moved to PDS/EUSMF@
2023-08-06 04:09:54.482781 - Found EUSMFH.txt (text/plain) in CBT.V505.FILE454.PDS, moved to PDS/EUSMFH
2023-08-06 04:09:54.483742 - Found EUSUB.txt (text/plain) in CBT.V505.FILE454.PDS, moved to PDS/EUSUB
2023-08-06 04:09:54.484723 - Found EUSUB$.jcl (text/plain) in CBT.V505.FILE454.PDS, moved to PDS/EUSUB$
2023-08-06 04:09:54.485688 - Found EUSUB@.txt (text/plain) in CBT.V505.FILE454.PDS, moved to PDS/EUSUB@
2023-08-06 04:09:54.486660 - Found FC.txt (text/plain) in CBT.V505.FILE454.PDS, moved to PDS/FC
2023-08-06 04:09:54.487571 - Found FC@.txt (text/plain) in CBT.V505.FILE454.PDS, moved to PDS/FC@
2023-08-06 04:09:54.488546 - Found FILEINF$.jcl (text/plain) in CBT.V505.FILE454.PDS, moved to PDS/FILEINF$
2023-08-06 04:09:54.489551 - Found FILEINF@.txt (text/plain) in CBT.V505.FILE454.PDS, moved to PDS/FILEINF@
2023-08-06 04:09:54.490442 - Found FILEINFH.txt (text/plain) in CBT.V505.FILE454.PDS, moved to PDS/FILEINFH
2023-08-06 04:09:54.491430 - Found FILEINFO.txt (text/plain) in CBT.V505.FILE454.PDS, moved to PDS/FILEINFO
2023-08-06 04:09:54.492392 - Found FILSPAC$.jcl (text/plain) in CBT.V505.FILE454.PDS, moved to PDS/FILSPAC$
2023-08-06 04:09:54.493380 - Found FILSPAC@.txt (text/plain) in CBT.V505.FILE454.PDS, moved to PDS/FILSPAC@
2023-08-06 04:09:54.494488 - Found FILSPACE.txt (text/plain) in CBT.V505.FILE454.PDS, moved to PDS/FILSPACE
2023-08-06 04:09:54.495458 - Found FINDMEM.txt (text/plain) in CBT.V505.FILE454.PDS, moved to PDS/FINDMEM
2023-08-06 04:09:54.496553 - Found FINDMEM$.jcl (text/plain) in CBT.V505.FILE454.PDS, moved to PDS/FINDMEM$
2023-08-06 04:09:54.497544 - Found FINDMEM@.txt (text/plain) in CBT.V505.FILE454.PDS, moved to PDS/FINDMEM@
2023-08-06 04:09:54.498853 - Found FIXJCL.txt (text/plain) in CBT.V505.FILE454.PDS, moved to PDS/FIXJCL
2023-08-06 04:09:54.499835 - Found FIXJCL@.txt (text/plain) in CBT.V505.FILE454.PDS, moved to PDS/FIXJCL@
2023-08-06 04:09:54.500866 - Found FLOWJCL.txt (text/plain) in CBT.V505.FILE454.PDS, moved to PDS/FLOWJCL
2023-08-06 04:09:54.501794 - Found FLOWJCL@.txt (text/plain) in CBT.V505.FILE454.PDS, moved to PDS/FLOWJCL@
2023-08-06 04:09:54.502796 - Found FSPACE.txt (text/plain) in CBT.V505.FILE454.PDS, moved to PDS/FSPACE
2023-08-06 04:09:54.503760 - Found FSPACE$.jcl (text/plain) in CBT.V505.FILE454.PDS, moved to PDS/FSPACE$
2023-08-06 04:09:54.504749 - Found FSPACEH.txt (text/plain) in CBT.V505.FILE454.PDS, moved to PDS/FSPACEH
2023-08-06 04:09:54.506011 - Found FSRTN.txt (text/plain) in CBT.V505.FILE454.PDS, moved to PDS/FSRTN
2023-08-06 04:09:54.506964 - Found FSRTN$.jcl (text/plain) in CBT.V505.FILE454.PDS, moved to PDS/FSRTN$
2023-08-06 04:09:54.507947 - Found FSRTN@.txt (text/plain) in CBT.V505.FILE454.PDS, moved to PDS/FSRTN@
2023-08-06 04:09:54.508983 - Found GACTN.txt (text/plain) in CBT.V505.FILE454.PDS, moved to PDS/GACTN
2023-08-06 04:09:54.509856 - Found GACTN$.jcl (text/plain) in CBT.V505.FILE454.PDS, moved to PDS/GACTN$
2023-08-06 04:09:54.510834 - Found GACTN@.txt (text/plain) in CBT.V505.FILE454.PDS, moved to PDS/GACTN@
2023-08-06 04:09:54.511721 - Found GDGALLR.txt (text/plain) in CBT.V505.FILE454.PDS, moved to PDS/GDGALLR
2023-08-06 04:09:54.512586 - Found GDGALLR$.jcl (text/plain) in CBT.V505.FILE454.PDS, moved to PDS/GDGALLR$
2023-08-06 04:09:54.513462 - Found GDGALLR@.txt (text/plain) in CBT.V505.FILE454.PDS, moved to PDS/GDGALLR@
2023-08-06 04:09:54.514424 - Found GDGRESE$.jcl (text/plain) in CBT.V505.FILE454.PDS, moved to PDS/GDGRESE$
2023-08-06 04:09:54.515344 - Found GDGRESE@.txt (text/plain) in CBT.V505.FILE454.PDS, moved to PDS/GDGRESE@
2023-08-06 04:09:54.516221 - Found GDGRESET.txt (text/plain) in CBT.V505.FILE454.PDS, moved to PDS/GDGRESET
2023-08-06 04:09:54.517133 - Found GETPAN.txt (text/plain) in CBT.V505.FILE454.PDS, moved to PDS/GETPAN
2023-08-06 04:09:54.517997 - Found GETPAN@.txt (text/plain) in CBT.V505.FILE454.PDS, moved to PDS/GETPAN@
2023-08-06 04:09:54.519274 - Found GFDATE.txt (text/plain) in CBT.V505.FILE454.PDS, moved to PDS/GFDATE
2023-08-06 04:09:54.520152 - Found GFDATE$.jcl (text/plain) in CBT.V505.FILE454.PDS, moved to PDS/GFDATE$
2023-08-06 04:09:54.521043 - Found GFDATE@.txt (text/plain) in CBT.V505.FILE454.PDS, moved to PDS/GFDATE@
2023-08-06 04:09:54.522281 - Found GGUR.txt (text/plain) in CBT.V505.FILE454.PDS, moved to PDS/GGUR
2023-08-06 04:09:54.523161 - Found GGUR$.jcl (text/plain) in CBT.V505.FILE454.PDS, moved to PDS/GGUR$
2023-08-06 04:09:54.523993 - Found GGUR@.txt (text/plain) in CBT.V505.FILE454.PDS, moved to PDS/GGUR@
2023-08-06 04:09:54.525139 - Found GPARM.txt (text/plain) in CBT.V505.FILE454.PDS, moved to PDS/GPARM
2023-08-06 04:09:54.526004 - Found GPARM$.jcl (text/plain) in CBT.V505.FILE454.PDS, moved to PDS/GPARM$
2023-08-06 04:09:54.526989 - Found GPARM@.txt (text/plain) in CBT.V505.FILE454.PDS, moved to PDS/GPARM@
2023-08-06 04:09:54.527897 - Found GUAR.txt (text/plain) in CBT.V505.FILE454.PDS, moved to PDS/GUAR
2023-08-06 04:09:54.528853 - Found GUAR$.jcl (text/plain) in CBT.V505.FILE454.PDS, moved to PDS/GUAR$
2023-08-06 04:09:54.529765 - Found GUAR@.txt (text/plain) in CBT.V505.FILE454.PDS, moved to PDS/GUAR@
2023-08-06 04:09:54.530754 - Found ICFS.txt (text/plain) in CBT.V505.FILE454.PDS, moved to PDS/ICFS
2023-08-06 04:09:54.531782 - Found ICFS$.jcl (text/plain) in CBT.V505.FILE454.PDS, moved to PDS/ICFS$
2023-08-06 04:09:54.532700 - Found ICFS@.txt (text/plain) in CBT.V505.FILE454.PDS, moved to PDS/ICFS@
2023-08-06 04:09:54.533559 - Found INSORT.txt (text/plain) in CBT.V505.FILE454.PDS, moved to PDS/INSORT
2023-08-06 04:09:54.534391 - Found INSORT$.jcl (text/plain) in CBT.V505.FILE454.PDS, moved to PDS/INSORT$
2023-08-06 04:09:54.535201 - Found INSORT@.txt (text/plain) in CBT.V505.FILE454.PDS, moved to PDS/INSORT@
2023-08-06 04:09:54.536022 - Found INTRDR.txt (text/plain) in CBT.V505.FILE454.PDS, moved to PDS/INTRDR
2023-08-06 04:09:54.536837 - Found INTRDR$.jcl (text/plain) in CBT.V505.FILE454.PDS, moved to PDS/INTRDR$
2023-08-06 04:09:54.538250 - Found INTRDR@.txt (text/plain) in CBT.V505.FILE454.PDS, moved to PDS/INTRDR@
2023-08-06 04:09:54.539314 - Found INTRDRH.txt (text/plain) in CBT.V505.FILE454.PDS, moved to PDS/INTRDRH
2023-08-06 04:09:54.540182 - Found ISPCDSN.txt (text/plain) in CBT.V505.FILE454.PDS, moved to PDS/ISPCDSN
2023-08-06 04:09:54.541072 - Found ISPCDSN$.jcl (text/plain) in CBT.V505.FILE454.PDS, moved to PDS/ISPCDSN$
2023-08-06 04:09:54.542098 - Found ISPCDSN@.txt (text/plain) in CBT.V505.FILE454.PDS, moved to PDS/ISPCDSN@
2023-08-06 04:09:54.543055 - Found IXTOFMT$.jcl (text/plain) in CBT.V505.FILE454.PDS, moved to PDS/IXTOFMT$
2023-08-06 04:09:54.543933 - Found IXTOFMT@.txt (text/plain) in CBT.V505.FILE454.PDS, moved to PDS/IXTOFMT@
2023-08-06 04:09:54.544766 - Found IXTOFMT5.txt (text/plain) in CBT.V505.FILE454.PDS, moved to PDS/IXTOFMT5
2023-08-06 04:09:54.545716 - Found JB.txt (text/plain) in CBT.V505.FILE454.PDS, moved to PDS/JB
2023-08-06 04:09:54.546579 - Found JB$.jcl (text/plain) in CBT.V505.FILE454.PDS, moved to PDS/JB$
2023-08-06 04:09:54.547641 - Found JB@.txt (text/plain) in CBT.V505.FILE454.PDS, moved to PDS/JB@
2023-08-06 04:09:54.548601 - Found JBH.txt (text/plain) in CBT.V505.FILE454.PDS, moved to PDS/JBH
2023-08-06 04:09:54.549583 - Found JOBCARD.txt (text/plain) in CBT.V505.FILE454.PDS, moved to PDS/JOBCARD
2023-08-06 04:09:54.550470 - Found JOBCARD@.txt (text/plain) in CBT.V505.FILE454.PDS, moved to PDS/JOBCARD@
2023-08-06 04:09:54.551441 - Found JOBS.txt (text/plain) in CBT.V505.FILE454.PDS, moved to PDS/JOBS
2023-08-06 04:09:54.552375 - Found JOBS$.jcl (text/plain) in CBT.V505.FILE454.PDS, moved to PDS/JOBS$
2023-08-06 04:09:54.553332 - Found JOBS@.txt (text/plain) in CBT.V505.FILE454.PDS, moved to PDS/JOBS@
2023-08-06 04:09:54.554411 - Found KUMX.txt (text/plain) in CBT.V505.FILE454.PDS, moved to PDS/KUMX
2023-08-06 04:09:54.555372 - Found KUMX$.jcl (text/plain) in CBT.V505.FILE454.PDS, moved to PDS/KUMX$
2023-08-06 04:09:54.556276 - Found LISTAX.txt (text/plain) in CBT.V505.FILE454.PDS, moved to PDS/LISTAX
2023-08-06 04:09:54.557239 - Found LISTAX$.jcl (text/plain) in CBT.V505.FILE454.PDS, moved to PDS/LISTAX$
2023-08-06 04:09:54.558110 - Found LISTAX@.txt (text/plain) in CBT.V505.FILE454.PDS, moved to PDS/LISTAX@
2023-08-06 04:09:54.559112 - Found LISTAXH.txt (text/plain) in CBT.V505.FILE454.PDS, moved to PDS/LISTAXH
2023-08-06 04:09:54.560038 - Found LISTENQ.txt (text/plain) in CBT.V505.FILE454.PDS, moved to PDS/LISTENQ
2023-08-06 04:09:54.560992 - Found LISTENQ$.jcl (text/plain) in CBT.V505.FILE454.PDS, moved to PDS/LISTENQ$
2023-08-06 04:09:54.562006 - Found LISTENQ@.txt (text/plain) in CBT.V505.FILE454.PDS, moved to PDS/LISTENQ@
2023-08-06 04:09:54.562949 - Found LISTENQH.txt (text/plain) in CBT.V505.FILE454.PDS, moved to PDS/LISTENQH
2023-08-06 04:09:54.563828 - Found LISTNO.txt (text/plain) in CBT.V505.FILE454.PDS, moved to PDS/LISTNO
2023-08-06 04:09:54.564627 - Found LISTNO$.jcl (text/plain) in CBT.V505.FILE454.PDS, moved to PDS/LISTNO$
2023-08-06 04:09:54.565496 - Found LISTNO@.txt (text/plain) in CBT.V505.FILE454.PDS, moved to PDS/LISTNO@
2023-08-06 04:09:54.566461 - Found LJUST.txt (text/plain) in CBT.V505.FILE454.PDS, moved to PDS/LJUST
2023-08-06 04:09:54.567355 - Found LJUST@.txt (text/plain) in CBT.V505.FILE454.PDS, moved to PDS/LJUST@
2023-08-06 04:09:54.568209 - Found LOCK.txt (text/plain) in CBT.V505.FILE454.PDS, moved to PDS/LOCK
2023-08-06 04:09:54.569107 - Found LOCK$.jcl (text/plain) in CBT.V505.FILE454.PDS, moved to PDS/LOCK$
2023-08-06 04:09:54.570146 - Found LOCK@.txt (text/plain) in CBT.V505.FILE454.PDS, moved to PDS/LOCK@
2023-08-06 04:09:54.571165 - Found LOCKT.txt (text/plain) in CBT.V505.FILE454.PDS, moved to PDS/LOCKT
2023-08-06 04:09:54.572017 - Found LOGALLO$.jcl (text/plain) in CBT.V505.FILE454.PDS, moved to PDS/LOGALLO$
2023-08-06 04:09:54.572846 - Found LOGALLO@.txt (text/plain) in CBT.V505.FILE454.PDS, moved to PDS/LOGALLO@
2023-08-06 04:09:54.573733 - Found LOGALLOC.txt (text/plain) in CBT.V505.FILE454.PDS, moved to PDS/LOGALLOC
2023-08-06 04:09:54.574717 - Found LOGALLOH.txt (text/plain) in CBT.V505.FILE454.PDS, moved to PDS/LOGALLOH
2023-08-06 04:09:54.575937 - Found MBKS00.txt (text/plain) in CBT.V505.FILE454.PDS, moved to PDS/MBKS00
2023-08-06 04:09:54.576855 - Found MOVECOL@.txt (text/plain) in CBT.V505.FILE454.PDS, moved to PDS/MOVECOL@
2023-08-06 04:09:54.577730 - Found MOVECOLS.txt (text/plain) in CBT.V505.FILE454.PDS, moved to PDS/MOVECOLS
2023-08-06 04:09:54.578721 - Found MREAD.txt (text/plain) in CBT.V505.FILE454.PDS, moved to PDS/MREAD
2023-08-06 04:09:54.579659 - Found MREAD$.jcl (text/plain) in CBT.V505.FILE454.PDS, moved to PDS/MREAD$
2023-08-06 04:09:54.580521 - Found MREAD@.txt (text/plain) in CBT.V505.FILE454.PDS, moved to PDS/MREAD@
2023-08-06 04:09:54.581374 - Found NEW@MENU.txt (text/plain) in CBT.V505.FILE454.PDS, moved to PDS/NEW@MENU
2023-08-06 04:09:54.582219 - Found NEW@PRIM.txt (text/plain) in CBT.V505.FILE454.PDS, moved to PDS/NEW@PRIM
2023-08-06 04:09:54.583060 - Found NULL.txt (text/plain) in CBT.V505.FILE454.PDS, moved to PDS/NULL
2023-08-06 04:09:54.583885 - Found OPCOM.txt (text/plain) in CBT.V505.FILE454.PDS, moved to PDS/OPCOM
2023-08-06 04:09:54.584707 - Found OPCOM$.jcl (text/plain) in CBT.V505.FILE454.PDS, moved to PDS/OPCOM$
2023-08-06 04:09:54.585571 - Found OPCOM@.txt (text/plain) in CBT.V505.FILE454.PDS, moved to PDS/OPCOM@
2023-08-06 04:09:54.586704 - Found PAJ$$ICC.jcl (text/plain) in CBT.V505.FILE454.PDS, moved to PDS/PAJ$$ICC
2023-08-06 04:09:54.587571 - Found PAJ$$ICM.jcl (text/plain) in CBT.V505.FILE454.PDS, moved to PDS/PAJ$$ICM
2023-08-06 04:09:54.588414 - Found PAJ$$ICP.jcl (text/plain) in CBT.V505.FILE454.PDS, moved to PDS/PAJ$$ICP
2023-08-06 04:09:54.589289 - Found PAJ$$ICS.jcl (text/plain) in CBT.V505.FILE454.PDS, moved to PDS/PAJ$$ICS
2023-08-06 04:09:54.590442 - Found PAJ$$ICT.jcl (text/plain) in CBT.V505.FILE454.PDS, moved to PDS/PAJ$$ICT
2023-08-06 04:09:54.591296 - Found PAJ$ALL.jcl (text/plain) in CBT.V505.FILE454.PDS, moved to PDS/PAJ$ALL
2023-08-06 04:09:54.592137 - Found PAJ$BLK1.jcl (text/plain) in CBT.V505.FILE454.PDS, moved to PDS/PAJ$BLK1
2023-08-06 04:09:54.593000 - Found PAJ$BLK2.jcl (text/plain) in CBT.V505.FILE454.PDS, moved to PDS/PAJ$BLK2
2023-08-06 04:09:54.594260 - Found PAJ$BUMU.jcl (text/plain) in CBT.V505.FILE454.PDS, moved to PDS/PAJ$BUMU
2023-08-06 04:09:54.595271 - Found PAJ$MX.jcl (text/plain) in CBT.V505.FILE454.PDS, moved to PDS/PAJ$MX
2023-08-06 04:09:54.596464 - Found PAJ$POF.jcl (text/plain) in CBT.V505.FILE454.PDS, moved to PDS/PAJ$POF
2023-08-06 04:09:54.597413 - Found PAJ$VQ.jcl (text/plain) in CBT.V505.FILE454.PDS, moved to PDS/PAJ$VQ
2023-08-06 04:09:54.598297 - Found PAJALL.txt (text/plain) in CBT.V505.FILE454.PDS, moved to PDS/PAJALL
2023-08-06 04:09:54.599250 - Found PAJAUCP.txt (text/plain) in CBT.V505.FILE454.PDS, moved to PDS/PAJAUCP
2023-08-06 04:09:54.600332 - Found PAJA00.txt (text/plain) in CBT.V505.FILE454.PDS, moved to PDS/PAJA00
2023-08-06 04:09:54.601339 - Found PAJBLK.txt (text/plain) in CBT.V505.FILE454.PDS, moved to PDS/PAJBLK
2023-08-06 04:09:54.602199 - Found PAJB00.txt (text/plain) in CBT.V505.FILE454.PDS, moved to PDS/PAJB00
2023-08-06 04:09:54.603364 - Found PAJCAUCP.txt (text/plain) in CBT.V505.FILE454.PDS, moved to PDS/PAJCAUCP
2023-08-06 04:09:54.604350 - Found PAJCAUTO.txt (text/plain) in CBT.V505.FILE454.PDS, moved to PDS/PAJCAUTO
2023-08-06 04:09:54.605348 - Found PAJCBLK.txt (text/plain) in CBT.V505.FILE454.PDS, moved to PDS/PAJCBLK
2023-08-06 04:09:54.606240 - Found PAJCBRDS.txt (text/plain) in CBT.V505.FILE454.PDS, moved to PDS/PAJCBRDS
2023-08-06 04:09:54.607223 - Found PAJCBUMU.txt (text/plain) in CBT.V505.FILE454.PDS, moved to PDS/PAJCBUMU
2023-08-06 04:09:54.608179 - Found PAJCCOM.txt (text/plain) in CBT.V505.FILE454.PDS, moved to PDS/PAJCCOM
2023-08-06 04:09:54.609173 - Found PAJCDAY.txt (text/plain) in CBT.V505.FILE454.PDS, moved to PDS/PAJCDAY
2023-08-06 04:09:54.610095 - Found PAJCDAY1.txt (text/plain) in CBT.V505.FILE454.PDS, moved to PDS/PAJCDAY1
2023-08-06 04:09:54.611116 - Found PAJCDAY2.txt (text/plain) in CBT.V505.FILE454.PDS, moved to PDS/PAJCDAY2
2023-08-06 04:09:54.612130 - Found PAJCDAY3.txt (text/plain) in CBT.V505.FILE454.PDS, moved to PDS/PAJCDAY3
2023-08-06 04:09:54.613107 - Found PAJCDAY4.txt (text/plain) in CBT.V505.FILE454.PDS, moved to PDS/PAJCDAY4
2023-08-06 04:09:54.614016 - Found PAJCDSC.txt (text/plain) in CBT.V505.FILE454.PDS, moved to PDS/PAJCDSC
2023-08-06 04:09:54.615253 - Found PAJCDSP.txt (text/plain) in CBT.V505.FILE454.PDS, moved to PDS/PAJCDSP
2023-08-06 04:09:54.616110 - Found PAJCDSS.txt (text/plain) in CBT.V505.FILE454.PDS, moved to PDS/PAJCDSS
2023-08-06 04:09:54.617147 - Found PAJCEQD1.txt (text/plain) in CBT.V505.FILE454.PDS, moved to PDS/PAJCEQD1
2023-08-06 04:09:54.618025 - Found PAJCEQD2.txt (text/plain) in CBT.V505.FILE454.PDS, moved to PDS/PAJCEQD2
2023-08-06 04:09:54.618973 - Found PAJCEQD3.txt (text/plain) in CBT.V505.FILE454.PDS, moved to PDS/PAJCEQD3
2023-08-06 04:09:54.619873 - Found PAJCEQD4.txt (text/plain) in CBT.V505.FILE454.PDS, moved to PDS/PAJCEQD4
2023-08-06 04:09:54.620764 - Found PAJCEQD5.txt (text/plain) in CBT.V505.FILE454.PDS, moved to PDS/PAJCEQD5
2023-08-06 04:09:54.621780 - Found PAJCGDG.txt (text/plain) in CBT.V505.FILE454.PDS, moved to PDS/PAJCGDG
2023-08-06 04:09:54.622709 - Found PAJCIVKA.txt (text/plain) in CBT.V505.FILE454.PDS, moved to PDS/PAJCIVKA
2023-08-06 04:09:54.623653 - Found PAJCIVKB.txt (text/plain) in CBT.V505.FILE454.PDS, moved to PDS/PAJCIVKB
2023-08-06 04:09:54.624554 - Found PAJCIVK1.txt (text/plain) in CBT.V505.FILE454.PDS, moved to PDS/PAJCIVK1
2023-08-06 04:09:54.625475 - Found PAJCIVK2.txt (text/plain) in CBT.V505.FILE454.PDS, moved to PDS/PAJCIVK2
2023-08-06 04:09:54.626365 - Found PAJCIVK3.txt (text/plain) in CBT.V505.FILE454.PDS, moved to PDS/PAJCIVK3
2023-08-06 04:09:54.627320 - Found PAJCIVK4.txt (text/plain) in CBT.V505.FILE454.PDS, moved to PDS/PAJCIVK4
2023-08-06 04:09:54.628238 - Found PAJCIVK5.txt (text/plain) in CBT.V505.FILE454.PDS, moved to PDS/PAJCIVK5
2023-08-06 04:09:54.629195 - Found PAJCIVK6.txt (text/plain) in CBT.V505.FILE454.PDS, moved to PDS/PAJCIVK6
2023-08-06 04:09:54.630160 - Found PAJCKUMX.txt (text/plain) in CBT.V505.FILE454.PDS, moved to PDS/PAJCKUMX
2023-08-06 04:09:54.631155 - Found PAJCLIFE.txt (text/plain) in CBT.V505.FILE454.PDS, moved to PDS/PAJCLIFE
2023-08-06 04:09:54.632089 - Found PAJCMX.txt (text/plain) in CBT.V505.FILE454.PDS, moved to PDS/PAJCMX
2023-08-06 04:09:54.633046 - Found PAJCMXD.txt (text/plain) in CBT.V505.FILE454.PDS, moved to PDS/PAJCMXD
2023-08-06 04:09:54.633903 - Found PAJCMXN.txt (text/plain) in CBT.V505.FILE454.PDS, moved to PDS/PAJCMXN
2023-08-06 04:09:54.634836 - Found PAJCOM.txt (text/plain) in CBT.V505.FILE454.PDS, moved to PDS/PAJCOM
2023-08-06 04:09:54.635786 - Found PAJCPDS.txt (text/plain) in CBT.V505.FILE454.PDS, moved to PDS/PAJCPDS
2023-08-06 04:09:54.636682 - Found PAJCRY.txt (text/plain) in CBT.V505.FILE454.PDS, moved to PDS/PAJCRY
2023-08-06 04:09:54.637600 - Found PAJCSEND.txt (text/plain) in CBT.V505.FILE454.PDS, moved to PDS/PAJCSEND
2023-08-06 04:09:54.638456 - Found PAJCSHWM.txt (text/plain) in CBT.V505.FILE454.PDS, moved to PDS/PAJCSHWM
2023-08-06 04:09:54.639320 - Found PAJCSLB.txt (text/plain) in CBT.V505.FILE454.PDS, moved to PDS/PAJCSLB
2023-08-06 04:09:54.640204 - Found PAJCSM.txt (text/plain) in CBT.V505.FILE454.PDS, moved to PDS/PAJCSM
2023-08-06 04:09:54.641095 - Found PAJCSSF.txt (text/plain) in CBT.V505.FILE454.PDS, moved to PDS/PAJCSSF
2023-08-06 04:09:54.641937 - Found PAJCTOCP.txt (text/plain) in CBT.V505.FILE454.PDS, moved to PDS/PAJCTOCP
2023-08-06 04:09:54.642804 - Found PAJCVEP.txt (text/plain) in CBT.V505.FILE454.PDS, moved to PDS/PAJCVEP
2023-08-06 04:09:54.643645 - Found PAJCXIL.txt (text/plain) in CBT.V505.FILE454.PDS, moved to PDS/PAJCXIL
2023-08-06 04:09:54.644547 - Found PAJCZAP.txt (text/plain) in CBT.V505.FILE454.PDS, moved to PDS/PAJCZAP
2023-08-06 04:09:54.645847 - Found PAJC3270.txt (text/plain) in CBT.V505.FILE454.PDS, moved to PDS/PAJC3270
2023-08-06 04:09:54.646734 - Found PAJDAY.txt (text/plain) in CBT.V505.FILE454.PDS, moved to PDS/PAJDAY
2023-08-06 04:09:54.647634 - Found PAJDAYS.txt (text/plain) in CBT.V505.FILE454.PDS, moved to PDS/PAJDAYS
2023-08-06 04:09:54.648762 - Found PAJDAYS1.txt (text/plain) in CBT.V505.FILE454.PDS, moved to PDS/PAJDAYS1
2023-08-06 04:09:54.649708 - Found PAJDAYS2.txt (text/plain) in CBT.V505.FILE454.PDS, moved to PDS/PAJDAYS2
2023-08-06 04:09:54.650765 - Found PAJDAYS3.txt (text/plain) in CBT.V505.FILE454.PDS, moved to PDS/PAJDAYS3
2023-08-06 04:09:54.651856 - Found PAJDAYS4.txt (text/plain) in CBT.V505.FILE454.PDS, moved to PDS/PAJDAYS4
2023-08-06 04:09:54.652751 - Found PAJDSC.txt (text/plain) in CBT.V505.FILE454.PDS, moved to PDS/PAJDSC
2023-08-06 04:09:54.653611 - Found PAJDSP.txt (text/plain) in CBT.V505.FILE454.PDS, moved to PDS/PAJDSP
2023-08-06 04:09:54.654409 - Found PAJDSPL.txt (text/plain) in CBT.V505.FILE454.PDS, moved to PDS/PAJDSPL
2023-08-06 04:09:54.655184 - Found PAJDSS.txt (text/plain) in CBT.V505.FILE454.PDS, moved to PDS/PAJDSS
2023-08-06 04:09:54.656016 - Found PAJD00.txt (text/plain) in CBT.V505.FILE454.PDS, moved to PDS/PAJD00
2023-08-06 04:09:54.656878 - Found PAJEM.txt (text/plain) in CBT.V505.FILE454.PDS, moved to PDS/PAJEM
2023-08-06 04:09:54.657792 - Found PAJEMA.txt (text/plain) in CBT.V505.FILE454.PDS, moved to PDS/PAJEMA
2023-08-06 04:09:54.658971 - Found PAJEML.txt (text/plain) in CBT.V505.FILE454.PDS, moved to PDS/PAJEML
2023-08-06 04:09:54.660326 - Found PAJEMP.txt (text/plain) in CBT.V505.FILE454.PDS, moved to PDS/PAJEMP
2023-08-06 04:09:54.661499 - Found PAJEMU.txt (text/plain) in CBT.V505.FILE454.PDS, moved to PDS/PAJEMU
2023-08-06 04:09:54.662456 - Found PAJEOL.txt (text/plain) in CBT.V505.FILE454.PDS, moved to PDS/PAJEOL
2023-08-06 04:09:54.663495 - Found PAJEQD.txt (text/plain) in CBT.V505.FILE454.PDS, moved to PDS/PAJEQD
2023-08-06 04:09:54.664799 - Found PAJGDDM.txt (text/plain) in CBT.V505.FILE454.PDS, moved to PDS/PAJGDDM
2023-08-06 04:09:54.665905 - Found PAJGDG.txt (text/plain) in CBT.V505.FILE454.PDS, moved to PDS/PAJGDG
2023-08-06 04:09:54.667110 - Found PAJGDGM.txt (text/plain) in CBT.V505.FILE454.PDS, moved to PDS/PAJGDGM
2023-08-06 04:09:54.668216 - Found PAJG00.txt (text/plain) in CBT.V505.FILE454.PDS, moved to PDS/PAJG00
2023-08-06 04:09:54.669459 - Found PAJIAP.txt (text/plain) in CBT.V505.FILE454.PDS, moved to PDS/PAJIAP
2023-08-06 04:09:54.670550 - Found PAJIVK.txt (text/plain) in CBT.V505.FILE454.PDS, moved to PDS/PAJIVK
2023-08-06 04:09:54.671516 - Found PAJIVK1.txt (text/plain) in CBT.V505.FILE454.PDS, moved to PDS/PAJIVK1
2023-08-06 04:09:54.672431 - Found PAJI00.txt (text/plain) in CBT.V505.FILE454.PDS, moved to PDS/PAJI00
2023-08-06 04:09:54.673313 - Found PAJKUMXH.txt (text/plain) in CBT.V505.FILE454.PDS, moved to PDS/PAJKUMXH
2023-08-06 04:09:54.674253 - Found PAJLIFE.txt (text/plain) in CBT.V505.FILE454.PDS, moved to PDS/PAJLIFE
2023-08-06 04:09:54.675125 - Found PAJMENU.txt (text/plain) in CBT.V505.FILE454.PDS, moved to PDS/PAJMENU
2023-08-06 04:09:54.676165 - Found PAJMOF.txt (text/plain) in CBT.V505.FILE454.PDS, moved to PDS/PAJMOF
2023-08-06 04:09:54.677241 - Found PAJMX0.txt (text/plain) in CBT.V505.FILE454.PDS, moved to PDS/PAJMX0
2023-08-06 04:09:54.678332 - Found PAJMX1.txt (text/plain) in CBT.V505.FILE454.PDS, moved to PDS/PAJMX1
2023-08-06 04:09:54.679235 - Found PAJMX2.txt (text/plain) in CBT.V505.FILE454.PDS, moved to PDS/PAJMX2
2023-08-06 04:09:54.680132 - Found PAJMX3.txt (text/plain) in CBT.V505.FILE454.PDS, moved to PDS/PAJMX3
2023-08-06 04:09:54.681034 - Found PAJMX4.txt (text/plain) in CBT.V505.FILE454.PDS, moved to PDS/PAJMX4
2023-08-06 04:09:54.681965 - Found PAJMX5.txt (text/plain) in CBT.V505.FILE454.PDS, moved to PDS/PAJMX5
2023-08-06 04:09:54.682879 - Found PAJM99.txt (text/plain) in CBT.V505.FILE454.PDS, moved to PDS/PAJM99
2023-08-06 04:09:54.683901 - Found PAJPALL.txt (text/plain) in CBT.V505.FILE454.PDS, moved to PDS/PAJPALL
2023-08-06 04:09:54.684815 - Found PAJPARD.txt (text/plain) in CBT.V505.FILE454.PDS, moved to PDS/PAJPARD
2023-08-06 04:09:54.685804 - Found PAJPARI.txt (text/plain) in CBT.V505.FILE454.PDS, moved to PDS/PAJPARI
2023-08-06 04:09:54.686745 - Found PAJPBLK1.txt (text/plain) in CBT.V505.FILE454.PDS, moved to PDS/PAJPBLK1
2023-08-06 04:09:54.687641 - Found PAJPBLK2.txt (text/plain) in CBT.V505.FILE454.PDS, moved to PDS/PAJPBLK2
2023-08-06 04:09:54.688560 - Found PAJPBUMU.txt (text/plain) in CBT.V505.FILE454.PDS, moved to PDS/PAJPBUMU
2023-08-06 04:09:54.689465 - Found PAJPDS.txt (text/plain) in CBT.V505.FILE454.PDS, moved to PDS/PAJPDS
2023-08-06 04:09:54.690363 - Found PAJPED.txt (text/plain) in CBT.V505.FILE454.PDS, moved to PDS/PAJPED
2023-08-06 04:09:54.691275 - Found PAJPLUG.txt (text/plain) in CBT.V505.FILE454.PDS, moved to PDS/PAJPLUG
2023-08-06 04:09:54.692163 - Found PAJPMX.txt (text/plain) in CBT.V505.FILE454.PDS, moved to PDS/PAJPMX
2023-08-06 04:09:54.693085 - Found PAJPOF.txt (text/plain) in CBT.V505.FILE454.PDS, moved to PDS/PAJPOF
2023-08-06 04:09:54.693997 - Found PAJPPOF.txt (text/plain) in CBT.V505.FILE454.PDS, moved to PDS/PAJPPOF
2023-08-06 04:09:54.694903 - Found PAJPVQ.txt (text/plain) in CBT.V505.FILE454.PDS, moved to PDS/PAJPVQ
2023-08-06 04:09:54.695777 - Found PAJSBUMU.jcl (text/plain) in CBT.V505.FILE454.PDS, moved to PDS/PAJSBUMU
2023-08-06 04:09:54.696660 - Found PAJSDSP.txt (text/plain) in CBT.V505.FILE454.PDS, moved to PDS/PAJSDSP
2023-08-06 04:09:54.697612 - Found PAJSEND.txt (text/plain) in CBT.V505.FILE454.PDS, moved to PDS/PAJSEND
2023-08-06 04:09:54.698498 - Found PAJSHWM.txt (text/plain) in CBT.V505.FILE454.PDS, moved to PDS/PAJSHWM
2023-08-06 04:09:54.699347 - Found PAJSIVKA.jcl (text/plain) in CBT.V505.FILE454.PDS, moved to PDS/PAJSIVKA
2023-08-06 04:09:54.700294 - Found PAJSIVKB.jcl (text/plain) in CBT.V505.FILE454.PDS, moved to PDS/PAJSIVKB
2023-08-06 04:09:54.701241 - Found PAJSLB.txt (text/plain) in CBT.V505.FILE454.PDS, moved to PDS/PAJSLB
2023-08-06 04:09:54.702209 - Found PAJSM.txt (text/plain) in CBT.V505.FILE454.PDS, moved to PDS/PAJSM
2023-08-06 04:09:54.703100 - Found PAJSMX1.txt (text/plain) in CBT.V505.FILE454.PDS, moved to PDS/PAJSMX1
2023-08-06 04:09:54.704053 - Found PAJSMX2.txt (text/plain) in CBT.V505.FILE454.PDS, moved to PDS/PAJSMX2
2023-08-06 04:09:54.705036 - Found PAJSM1.txt (text/plain) in CBT.V505.FILE454.PDS, moved to PDS/PAJSM1
2023-08-06 04:09:54.706011 - Found PAJSM2.txt (text/plain) in CBT.V505.FILE454.PDS, moved to PDS/PAJSM2
2023-08-06 04:09:54.706937 - Found PAJSNK.txt (text/plain) in CBT.V505.FILE454.PDS, moved to PDS/PAJSNK
2023-08-06 04:09:54.707895 - Found PAJSPDS.jcl (text/plain) in CBT.V505.FILE454.PDS, moved to PDS/PAJSPDS
2023-08-06 04:09:54.708854 - Found PAJSSF.txt (text/plain) in CBT.V505.FILE454.PDS, moved to PDS/PAJSSF
2023-08-06 04:09:54.709757 - Found PAJSSHWM.jcl (text/plain) in CBT.V505.FILE454.PDS, moved to PDS/PAJSSHWM
2023-08-06 04:09:54.710727 - Found PAJSSSF.txt (text/plain) in CBT.V505.FILE454.PDS, moved to PDS/PAJSSSF
2023-08-06 04:09:54.711611 - Found PAJSUM.txt (text/plain) in CBT.V505.FILE454.PDS, moved to PDS/PAJSUM
2023-08-06 04:09:54.712541 - Found PAJSUMX.txt (text/plain) in CBT.V505.FILE454.PDS, moved to PDS/PAJSUMX
2023-08-06 04:09:54.713498 - Found PAJSUMY.txt (text/plain) in CBT.V505.FILE454.PDS, moved to PDS/PAJSUMY
2023-08-06 04:09:54.714411 - Found PAJSUMZ.txt (text/plain) in CBT.V505.FILE454.PDS, moved to PDS/PAJSUMZ
2023-08-06 04:09:54.715351 - Found PAJSVEP1.txt (text/plain) in CBT.V505.FILE454.PDS, moved to PDS/PAJSVEP1
2023-08-06 04:09:54.716290 - Found PAJSVEP2.txt (text/plain) in CBT.V505.FILE454.PDS, moved to PDS/PAJSVEP2
2023-08-06 04:09:54.717272 - Found PAJSVEP3.txt (text/plain) in CBT.V505.FILE454.PDS, moved to PDS/PAJSVEP3
2023-08-06 04:09:54.718120 - Found PAJS00.txt (text/plain) in CBT.V505.FILE454.PDS, moved to PDS/PAJS00
2023-08-06 04:09:54.718989 - Found PAJTALL.txt (text/plain) in CBT.V505.FILE454.PDS, moved to PDS/PAJTALL
2023-08-06 04:09:54.719798 - Found PAJTAUCP.txt (text/plain) in CBT.V505.FILE454.PDS, moved to PDS/PAJTAUCP
2023-08-06 04:09:54.720751 - Found PAJTBIG.txt (text/plain) in CBT.V505.FILE454.PDS, moved to PDS/PAJTBIG
2023-08-06 04:09:54.721674 - Found PAJTBIGS.txt (text/plain) in CBT.V505.FILE454.PDS, moved to PDS/PAJTBIGS
2023-08-06 04:09:54.722624 - Found PAJTBLK.txt (text/plain) in CBT.V505.FILE454.PDS, moved to PDS/PAJTBLK
2023-08-06 04:09:54.723467 - Found PAJTB000.txt (text/plain) in CBT.V505.FILE454.PDS, moved to PDS/PAJTB000
2023-08-06 04:09:54.724308 - Found PAJTB001.txt (text/plain) in CBT.V505.FILE454.PDS, moved to PDS/PAJTB001
2023-08-06 04:09:54.725342 - Found PAJTB002.txt (text/plain) in CBT.V505.FILE454.PDS, moved to PDS/PAJTB002
2023-08-06 04:09:54.726217 - Found PAJTB003.txt (text/plain) in CBT.V505.FILE454.PDS, moved to PDS/PAJTB003
2023-08-06 04:09:54.727058 - Found PAJTB010.txt (text/plain) in CBT.V505.FILE454.PDS, moved to PDS/PAJTB010
2023-08-06 04:09:54.727879 - Found PAJTB011.txt (text/plain) in CBT.V505.FILE454.PDS, moved to PDS/PAJTB011
2023-08-06 04:09:54.728697 - Found PAJTB012.txt (text/plain) in CBT.V505.FILE454.PDS, moved to PDS/PAJTB012
2023-08-06 04:09:54.729552 - Found PAJTB013.txt (text/plain) in CBT.V505.FILE454.PDS, moved to PDS/PAJTB013
2023-08-06 04:09:54.730419 - Found PAJTB020.txt (text/plain) in CBT.V505.FILE454.PDS, moved to PDS/PAJTB020
2023-08-06 04:09:54.731504 - Found PAJTB021.txt (text/plain) in CBT.V505.FILE454.PDS, moved to PDS/PAJTB021
2023-08-06 04:09:54.732372 - Found PAJTB022.txt (text/plain) in CBT.V505.FILE454.PDS, moved to PDS/PAJTB022
2023-08-06 04:09:54.733235 - Found PAJTB030.txt (text/plain) in CBT.V505.FILE454.PDS, moved to PDS/PAJTB030
2023-08-06 04:09:54.734244 - Found PAJTB031.txt (text/plain) in CBT.V505.FILE454.PDS, moved to PDS/PAJTB031
2023-08-06 04:09:54.735106 - Found PAJTB032.txt (text/plain) in CBT.V505.FILE454.PDS, moved to PDS/PAJTB032
2023-08-06 04:09:54.735931 - Found PAJTCNTR.txt (text/plain) in CBT.V505.FILE454.PDS, moved to PDS/PAJTCNTR
2023-08-06 04:09:54.736780 - Found PAJTCOM.txt (text/plain) in CBT.V505.FILE454.PDS, moved to PDS/PAJTCOM
2023-08-06 04:09:54.737643 - Found PAJTCOMP.txt (text/plain) in CBT.V505.FILE454.PDS, moved to PDS/PAJTCOMP
2023-08-06 04:09:54.738487 - Found PAJTCONT.txt (text/plain) in CBT.V505.FILE454.PDS, moved to PDS/PAJTCONT
2023-08-06 04:09:54.739309 - Found PAJTCRY.txt (text/plain) in CBT.V505.FILE454.PDS, moved to PDS/PAJTCRY
2023-08-06 04:09:54.740153 - Found PAJTCRY1.txt (text/plain) in CBT.V505.FILE454.PDS, moved to PDS/PAJTCRY1
2023-08-06 04:09:54.741288 - Found PAJTCTRL.txt (text/plain) in CBT.V505.FILE454.PDS, moved to PDS/PAJTCTRL
2023-08-06 04:09:54.742180 - Found PAJTCUT.txt (text/plain) in CBT.V505.FILE454.PDS, moved to PDS/PAJTCUT
2023-08-06 04:09:54.743152 - Found PAJTCUT1.txt (text/plain) in CBT.V505.FILE454.PDS, moved to PDS/PAJTCUT1
2023-08-06 04:09:54.744140 - Found PAJTCUT2.txt (text/plain) in CBT.V505.FILE454.PDS, moved to PDS/PAJTCUT2
2023-08-06 04:09:54.745106 - Found PAJTCUT3.txt (text/plain) in CBT.V505.FILE454.PDS, moved to PDS/PAJTCUT3
2023-08-06 04:09:54.746127 - Found PAJTCUT4.txt (text/plain) in CBT.V505.FILE454.PDS, moved to PDS/PAJTCUT4
2023-08-06 04:09:54.747031 - Found PAJTCUT5.txt (text/plain) in CBT.V505.FILE454.PDS, moved to PDS/PAJTCUT5
2023-08-06 04:09:54.748024 - Found PAJTDAY.txt (text/plain) in CBT.V505.FILE454.PDS, moved to PDS/PAJTDAY
2023-08-06 04:09:54.749025 - Found PAJTDAYH.txt (text/plain) in CBT.V505.FILE454.PDS, moved to PDS/PAJTDAYH
2023-08-06 04:09:54.749905 - Found PAJTDAYS.txt (text/plain) in CBT.V505.FILE454.PDS, moved to PDS/PAJTDAYS
2023-08-06 04:09:54.750913 - Found PAJTDSC.txt (text/plain) in CBT.V505.FILE454.PDS, moved to PDS/PAJTDSC
2023-08-06 04:09:54.751812 - Found PAJTDSP.txt (text/plain) in CBT.V505.FILE454.PDS, moved to PDS/PAJTDSP
2023-08-06 04:09:54.752702 - Found PAJTDSPL.txt (text/plain) in CBT.V505.FILE454.PDS, moved to PDS/PAJTDSPL
2023-08-06 04:09:54.753588 - Found PAJTDSS.txt (text/plain) in CBT.V505.FILE454.PDS, moved to PDS/PAJTDSS
2023-08-06 04:09:54.754567 - Found PAJTEDCR.txt (text/plain) in CBT.V505.FILE454.PDS, moved to PDS/PAJTEDCR
2023-08-06 04:09:54.755439 - Found PAJTEM.txt (text/plain) in CBT.V505.FILE454.PDS, moved to PDS/PAJTEM
2023-08-06 04:09:54.756286 - Found PAJTEMU.txt (text/plain) in CBT.V505.FILE454.PDS, moved to PDS/PAJTEMU
2023-08-06 04:09:54.757155 - Found PAJTEM1.txt (text/plain) in CBT.V505.FILE454.PDS, moved to PDS/PAJTEM1
2023-08-06 04:09:54.757973 - Found PAJTEM10.txt (text/plain) in CBT.V505.FILE454.PDS, moved to PDS/PAJTEM10
2023-08-06 04:09:54.758936 - Found PAJTEM11.txt (text/plain) in CBT.V505.FILE454.PDS, moved to PDS/PAJTEM11
2023-08-06 04:09:54.759808 - Found PAJTEM2.txt (text/plain) in CBT.V505.FILE454.PDS, moved to PDS/PAJTEM2
2023-08-06 04:09:54.760662 - Found PAJTEM3.txt (text/plain) in CBT.V505.FILE454.PDS, moved to PDS/PAJTEM3
2023-08-06 04:09:54.761655 - Found PAJTEM4.txt (text/plain) in CBT.V505.FILE454.PDS, moved to PDS/PAJTEM4
2023-08-06 04:09:54.762531 - Found PAJTEM5.txt (text/plain) in CBT.V505.FILE454.PDS, moved to PDS/PAJTEM5
2023-08-06 04:09:54.763410 - Found PAJTEM6.txt (text/plain) in CBT.V505.FILE454.PDS, moved to PDS/PAJTEM6
2023-08-06 04:09:54.764253 - Found PAJTEM7.txt (text/plain) in CBT.V505.FILE454.PDS, moved to PDS/PAJTEM7
2023-08-06 04:09:54.765118 - Found PAJTEM8.txt (text/plain) in CBT.V505.FILE454.PDS, moved to PDS/PAJTEM8
2023-08-06 04:09:54.765988 - Found PAJTEM9.txt (text/plain) in CBT.V505.FILE454.PDS, moved to PDS/PAJTEM9
2023-08-06 04:09:54.766982 - Found PAJTEQD.txt (text/plain) in CBT.V505.FILE454.PDS, moved to PDS/PAJTEQD
2023-08-06 04:09:54.767842 - Found PAJTFC.txt (text/plain) in CBT.V505.FILE454.PDS, moved to PDS/PAJTFC
2023-08-06 04:09:54.768663 - Found PAJTFJCL.txt (text/plain) in CBT.V505.FILE454.PDS, moved to PDS/PAJTFJCL
2023-08-06 04:09:54.769785 - Found PAJTFJCX.txt (text/plain) in CBT.V505.FILE454.PDS, moved to PDS/PAJTFJCX
2023-08-06 04:09:54.770698 - Found PAJTFLWJ.txt (text/plain) in CBT.V505.FILE454.PDS, moved to PDS/PAJTFLWJ
2023-08-06 04:09:54.771715 - Found PAJTGDDM.txt (text/plain) in CBT.V505.FILE454.PDS, moved to PDS/PAJTGDDM
2023-08-06 04:09:54.772586 - Found PAJTGDG.txt (text/plain) in CBT.V505.FILE454.PDS, moved to PDS/PAJTGDG
2023-08-06 04:09:54.773440 - Found PAJTGDGM.txt (text/plain) in CBT.V505.FILE454.PDS, moved to PDS/PAJTGDGM
2023-08-06 04:09:54.774340 - Found PAJTGPAN.txt (text/plain) in CBT.V505.FILE454.PDS, moved to PDS/PAJTGPAN
2023-08-06 04:09:54.775318 - Found PAJTIVK.txt (text/plain) in CBT.V505.FILE454.PDS, moved to PDS/PAJTIVK
2023-08-06 04:09:54.776159 - Found PAJTIVK1.txt (text/plain) in CBT.V505.FILE454.PDS, moved to PDS/PAJTIVK1
2023-08-06 04:09:54.777027 - Found PAJTJBCD.txt (text/plain) in CBT.V505.FILE454.PDS, moved to PDS/PAJTJBCD
2023-08-06 04:09:54.777904 - Found PAJTJCLF.txt (text/plain) in CBT.V505.FILE454.PDS, moved to PDS/PAJTJCLF
2023-08-06 04:09:54.778822 - Found PAJTK000.txt (text/plain) in CBT.V505.FILE454.PDS, moved to PDS/PAJTK000
2023-08-06 04:09:54.779679 - Found PAJTK001.txt (text/plain) in CBT.V505.FILE454.PDS, moved to PDS/PAJTK001
2023-08-06 04:09:54.780509 - Found PAJTK002.txt (text/plain) in CBT.V505.FILE454.PDS, moved to PDS/PAJTK002
2023-08-06 04:09:54.781507 - Found PAJTK010.txt (text/plain) in CBT.V505.FILE454.PDS, moved to PDS/PAJTK010
2023-08-06 04:09:54.782379 - Found PAJTK011.txt (text/plain) in CBT.V505.FILE454.PDS, moved to PDS/PAJTK011
2023-08-06 04:09:54.783222 - Found PAJTK012.txt (text/plain) in CBT.V505.FILE454.PDS, moved to PDS/PAJTK012
2023-08-06 04:09:54.784074 - Found PAJTK020.txt (text/plain) in CBT.V505.FILE454.PDS, moved to PDS/PAJTK020
2023-08-06 04:09:54.784914 - Found PAJTK021.txt (text/plain) in CBT.V505.FILE454.PDS, moved to PDS/PAJTK021
2023-08-06 04:09:54.786064 - Found PAJTK030.txt (text/plain) in CBT.V505.FILE454.PDS, moved to PDS/PAJTK030
2023-08-06 04:09:54.786935 - Found PAJTK031.txt (text/plain) in CBT.V505.FILE454.PDS, moved to PDS/PAJTK031
2023-08-06 04:09:54.787902 - Found PAJTLJ.txt (text/plain) in CBT.V505.FILE454.PDS, moved to PDS/PAJTLJ
2023-08-06 04:09:54.788783 - Found PAJTMOF.txt (text/plain) in CBT.V505.FILE454.PDS, moved to PDS/PAJTMOF
2023-08-06 04:09:54.789668 - Found PAJTMVC.txt (text/plain) in CBT.V505.FILE454.PDS, moved to PDS/PAJTMVC
2023-08-06 04:09:54.790491 - Found PAJTMVC1.txt (text/plain) in CBT.V505.FILE454.PDS, moved to PDS/PAJTMVC1
2023-08-06 04:09:54.791423 - Found PAJTMVC2.txt (text/plain) in CBT.V505.FILE454.PDS, moved to PDS/PAJTMVC2
2023-08-06 04:09:54.792288 - Found PAJTMX0.txt (text/plain) in CBT.V505.FILE454.PDS, moved to PDS/PAJTMX0
2023-08-06 04:09:54.793161 - Found PAJTMX1.txt (text/plain) in CBT.V505.FILE454.PDS, moved to PDS/PAJTMX1
2023-08-06 04:09:54.794052 - Found PAJTMX10.txt (text/plain) in CBT.V505.FILE454.PDS, moved to PDS/PAJTMX10
2023-08-06 04:09:54.795022 - Found PAJTMX2.txt (text/plain) in CBT.V505.FILE454.PDS, moved to PDS/PAJTMX2
2023-08-06 04:09:54.795879 - Found PAJTMX3.txt (text/plain) in CBT.V505.FILE454.PDS, moved to PDS/PAJTMX3
2023-08-06 04:09:54.796713 - Found PAJTMX4.txt (text/plain) in CBT.V505.FILE454.PDS, moved to PDS/PAJTMX4
2023-08-06 04:09:54.797600 - Found PAJTMX5.txt (text/plain) in CBT.V505.FILE454.PDS, moved to PDS/PAJTMX5
2023-08-06 04:09:54.798434 - Found PAJTMX6.txt (text/plain) in CBT.V505.FILE454.PDS, moved to PDS/PAJTMX6
2023-08-06 04:09:54.799255 - Found PAJTMX7.txt (text/plain) in CBT.V505.FILE454.PDS, moved to PDS/PAJTMX7
2023-08-06 04:09:54.800071 - Found PAJTMX8.txt (text/plain) in CBT.V505.FILE454.PDS, moved to PDS/PAJTMX8
2023-08-06 04:09:54.800897 - Found PAJTMX9.txt (text/plain) in CBT.V505.FILE454.PDS, moved to PDS/PAJTMX9
2023-08-06 04:09:54.801950 - Found PAJTOCP.txt (text/plain) in CBT.V505.FILE454.PDS, moved to PDS/PAJTOCP
2023-08-06 04:09:54.802855 - Found PAJTPAR.txt (text/plain) in CBT.V505.FILE454.PDS, moved to PDS/PAJTPAR
2023-08-06 04:09:54.803826 - Found PAJTPARA.txt (text/plain) in CBT.V505.FILE454.PDS, moved to PDS/PAJTPARA
2023-08-06 04:09:54.804677 - Found PAJTPARB.txt (text/plain) in CBT.V505.FILE454.PDS, moved to PDS/PAJTPARB
2023-08-06 04:09:54.805525 - Found PAJTPARC.txt (text/plain) in CBT.V505.FILE454.PDS, moved to PDS/PAJTPARC
2023-08-06 04:09:54.806329 - Found PAJTPARD.txt (text/plain) in CBT.V505.FILE454.PDS, moved to PDS/PAJTPARD
2023-08-06 04:09:54.807155 - Found PAJTPARE.txt (text/plain) in CBT.V505.FILE454.PDS, moved to PDS/PAJTPARE
2023-08-06 04:09:54.807965 - Found PAJTPARF.txt (text/plain) in CBT.V505.FILE454.PDS, moved to PDS/PAJTPARF
2023-08-06 04:09:54.808759 - Found PAJTPARG.txt (text/plain) in CBT.V505.FILE454.PDS, moved to PDS/PAJTPARG
2023-08-06 04:09:54.809629 - Found PAJTPAR0.txt (text/plain) in CBT.V505.FILE454.PDS, moved to PDS/PAJTPAR0
2023-08-06 04:09:54.810477 - Found PAJTPAR1.txt (text/plain) in CBT.V505.FILE454.PDS, moved to PDS/PAJTPAR1
2023-08-06 04:09:54.811689 - Found PAJTPAR2.txt (text/plain) in CBT.V505.FILE454.PDS, moved to PDS/PAJTPAR2
2023-08-06 04:09:54.812566 - Found PAJTPAR3.txt (text/plain) in CBT.V505.FILE454.PDS, moved to PDS/PAJTPAR3
2023-08-06 04:09:54.813375 - Found PAJTPAR4.txt (text/plain) in CBT.V505.FILE454.PDS, moved to PDS/PAJTPAR4
2023-08-06 04:09:54.814418 - Found PAJTPAR5.txt (text/plain) in CBT.V505.FILE454.PDS, moved to PDS/PAJTPAR5
2023-08-06 04:09:54.815259 - Found PAJTPAR6.txt (text/plain) in CBT.V505.FILE454.PDS, moved to PDS/PAJTPAR6
2023-08-06 04:09:54.816061 - Found PAJTPAR7.txt (text/plain) in CBT.V505.FILE454.PDS, moved to PDS/PAJTPAR7
2023-08-06 04:09:54.816900 - Found PAJTPDS.txt (text/plain) in CBT.V505.FILE454.PDS, moved to PDS/PAJTPDS
2023-08-06 04:09:54.818020 - Found PAJTPDSL.txt (text/plain) in CBT.V505.FILE454.PDS, moved to PDS/PAJTPDSL
2023-08-06 04:09:54.818925 - Found PAJTPED.txt (text/plain) in CBT.V505.FILE454.PDS, moved to PDS/PAJTPED
2023-08-06 04:09:54.819733 - Found PAJTPOF.txt (text/plain) in CBT.V505.FILE454.PDS, moved to PDS/PAJTPOF
2023-08-06 04:09:54.820539 - Found PAJTRJ.txt (text/plain) in CBT.V505.FILE454.PDS, moved to PDS/PAJTRJ
2023-08-06 04:09:54.821589 - Found PAJTRSM.txt (text/plain) in CBT.V505.FILE454.PDS, moved to PDS/PAJTRSM
2023-08-06 04:09:54.822424 - Found PAJTSEPL.txt (text/plain) in CBT.V505.FILE454.PDS, moved to PDS/PAJTSEPL
2023-08-06 04:09:54.823281 - Found PAJTSHW0.txt (text/plain) in CBT.V505.FILE454.PDS, moved to PDS/PAJTSHW0
2023-08-06 04:09:54.824130 - Found PAJTSHW1.txt (text/plain) in CBT.V505.FILE454.PDS, moved to PDS/PAJTSHW1
2023-08-06 04:09:54.825128 - Found PAJTSKC.txt (text/plain) in CBT.V505.FILE454.PDS, moved to PDS/PAJTSKC
2023-08-06 04:09:54.825992 - Found PAJTSKL.txt (text/plain) in CBT.V505.FILE454.PDS, moved to PDS/PAJTSKL
2023-08-06 04:09:54.826842 - Found PAJTSKL1.txt (text/plain) in CBT.V505.FILE454.PDS, moved to PDS/PAJTSKL1
2023-08-06 04:09:54.827797 - Found PAJTSLB.txt (text/plain) in CBT.V505.FILE454.PDS, moved to PDS/PAJTSLB
2023-08-06 04:09:54.828686 - Found PAJTSM1.txt (text/plain) in CBT.V505.FILE454.PDS, moved to PDS/PAJTSM1
2023-08-06 04:09:54.829523 - Found PAJTSM2.txt (text/plain) in CBT.V505.FILE454.PDS, moved to PDS/PAJTSM2
2023-08-06 04:09:54.830370 - Found PAJTSM3.txt (text/plain) in CBT.V505.FILE454.PDS, moved to PDS/PAJTSM3
2023-08-06 04:09:54.831153 - Found PAJTSNK0.txt (text/plain) in CBT.V505.FILE454.PDS, moved to PDS/PAJTSNK0
2023-08-06 04:09:54.832093 - Found PAJTSNK1.txt (text/plain) in CBT.V505.FILE454.PDS, moved to PDS/PAJTSNK1
2023-08-06 04:09:54.832979 - Found PAJTSSF.txt (text/plain) in CBT.V505.FILE454.PDS, moved to PDS/PAJTSSF
2023-08-06 04:09:54.833837 - Found PAJTSTT1.txt (text/plain) in CBT.V505.FILE454.PDS, moved to PDS/PAJTSTT1
2023-08-06 04:09:54.834783 - Found PAJTSTT2.txt (text/plain) in CBT.V505.FILE454.PDS, moved to PDS/PAJTSTT2
2023-08-06 04:09:54.835625 - Found PAJTSTT3.txt (text/plain) in CBT.V505.FILE454.PDS, moved to PDS/PAJTSTT3
2023-08-06 04:09:54.836515 - Found PAJTSTT4.txt (text/plain) in CBT.V505.FILE454.PDS, moved to PDS/PAJTSTT4
2023-08-06 04:09:54.837342 - Found PAJTTOCP.txt (text/plain) in CBT.V505.FILE454.PDS, moved to PDS/PAJTTOCP
2023-08-06 04:09:54.838132 - Found PAJTTRAP.txt (text/plain) in CBT.V505.FILE454.PDS, moved to PDS/PAJTTRAP
2023-08-06 04:09:54.838936 - Found PAJTVP00.txt (text/plain) in CBT.V505.FILE454.PDS, moved to PDS/PAJTVP00
2023-08-06 04:09:54.839757 - Found PAJTVP01.txt (text/plain) in CBT.V505.FILE454.PDS, moved to PDS/PAJTVP01
2023-08-06 04:09:54.840571 - Found PAJTVP02.txt (text/plain) in CBT.V505.FILE454.PDS, moved to PDS/PAJTVP02
2023-08-06 04:09:54.841582 - Found PAJTVP03.txt (text/plain) in CBT.V505.FILE454.PDS, moved to PDS/PAJTVP03
2023-08-06 04:09:54.842581 - Found PAJTVP10.txt (text/plain) in CBT.V505.FILE454.PDS, moved to PDS/PAJTVP10
2023-08-06 04:09:54.843471 - Found PAJTVP20.txt (text/plain) in CBT.V505.FILE454.PDS, moved to PDS/PAJTVP20
2023-08-06 04:09:54.844322 - Found PAJTVP21.txt (text/plain) in CBT.V505.FILE454.PDS, moved to PDS/PAJTVP21
2023-08-06 04:09:54.845323 - Found PAJTVQ1.txt (text/plain) in CBT.V505.FILE454.PDS, moved to PDS/PAJTVQ1
2023-08-06 04:09:54.846191 - Found PAJTVQ11.txt (text/plain) in CBT.V505.FILE454.PDS, moved to PDS/PAJTVQ11
2023-08-06 04:09:54.847128 - Found PAJTVQ2.txt (text/plain) in CBT.V505.FILE454.PDS, moved to PDS/PAJTVQ2
2023-08-06 04:09:54.848096 - Found PAJTWRM0.txt (text/plain) in CBT.V505.FILE454.PDS, moved to PDS/PAJTWRM0
2023-08-06 04:09:54.849084 - Found PAJTWRM1.txt (text/plain) in CBT.V505.FILE454.PDS, moved to PDS/PAJTWRM1
2023-08-06 04:09:54.850066 - Found PAJTWRM2.txt (text/plain) in CBT.V505.FILE454.PDS, moved to PDS/PAJTWRM2
2023-08-06 04:09:54.850987 - Found PAJTWRM3.txt (text/plain) in CBT.V505.FILE454.PDS, moved to PDS/PAJTWRM3
2023-08-06 04:09:54.852000 - Found PAJTXIL.txt (text/plain) in CBT.V505.FILE454.PDS, moved to PDS/PAJTXIL
2023-08-06 04:09:54.852963 - Found PAJTZAP.txt (text/plain) in CBT.V505.FILE454.PDS, moved to PDS/PAJTZAP
2023-08-06 04:09:54.853911 - Found PAJTZOOM.txt (text/plain) in CBT.V505.FILE454.PDS, moved to PDS/PAJTZOOM
2023-08-06 04:09:54.854889 - Found PAJT3270.txt (text/plain) in CBT.V505.FILE454.PDS, moved to PDS/PAJT3270
2023-08-06 04:09:54.855750 - Found PAJU00.txt (text/plain) in CBT.V505.FILE454.PDS, moved to PDS/PAJU00
2023-08-06 04:09:54.856695 - Found PAJVEP00.txt (text/plain) in CBT.V505.FILE454.PDS, moved to PDS/PAJVEP00
2023-08-06 04:09:54.857564 - Found PAJVEP01.txt (text/plain) in CBT.V505.FILE454.PDS, moved to PDS/PAJVEP01
2023-08-06 04:09:54.858401 - Found PAJVEP02.txt (text/plain) in CBT.V505.FILE454.PDS, moved to PDS/PAJVEP02
2023-08-06 04:09:54.859293 - Found PAJVEP03.txt (text/plain) in CBT.V505.FILE454.PDS, moved to PDS/PAJVEP03
2023-08-06 04:09:54.860110 - Found PAJVEP04.txt (text/plain) in CBT.V505.FILE454.PDS, moved to PDS/PAJVEP04
2023-08-06 04:09:54.860939 - Found PAJVEP10.txt (text/plain) in CBT.V505.FILE454.PDS, moved to PDS/PAJVEP10
2023-08-06 04:09:54.861793 - Found PAJVEP20.txt (text/plain) in CBT.V505.FILE454.PDS, moved to PDS/PAJVEP20
2023-08-06 04:09:54.862594 - Found PAJVEP21.txt (text/plain) in CBT.V505.FILE454.PDS, moved to PDS/PAJVEP21
2023-08-06 04:09:54.863525 - Found PAJVQ1.txt (text/plain) in CBT.V505.FILE454.PDS, moved to PDS/PAJVQ1
2023-08-06 04:09:54.864386 - Found PAJVQ2.txt (text/plain) in CBT.V505.FILE454.PDS, moved to PDS/PAJVQ2
2023-08-06 04:09:54.865220 - Found PAJVRS.txt (text/plain) in CBT.V505.FILE454.PDS, moved to PDS/PAJVRS
2023-08-06 04:09:54.866048 - Found PAJV00.txt (text/plain) in CBT.V505.FILE454.PDS, moved to PDS/PAJV00
2023-08-06 04:09:54.866840 - Found PAJWRM.txt (text/plain) in CBT.V505.FILE454.PDS, moved to PDS/PAJWRM
2023-08-06 04:09:54.867690 - Found PAJXIL.txt (text/plain) in CBT.V505.FILE454.PDS, moved to PDS/PAJXIL
2023-08-06 04:09:54.868503 - Found PAJXILX.txt (text/plain) in CBT.V505.FILE454.PDS, moved to PDS/PAJXILX
2023-08-06 04:09:54.869344 - Found PAJX00.txt (text/plain) in CBT.V505.FILE454.PDS, moved to PDS/PAJX00
2023-08-06 04:09:54.870288 - Found PAJZAP.txt (text/plain) in CBT.V505.FILE454.PDS, moved to PDS/PAJZAP
2023-08-06 04:09:54.871125 - Found PAJZ00.txt (text/plain) in CBT.V505.FILE454.PDS, moved to PDS/PAJZ00
2023-08-06 04:09:54.872036 - Found PAJ3270.txt (text/plain) in CBT.V505.FILE454.PDS, moved to PDS/PAJ3270
2023-08-06 04:09:54.872908 - Found PARA.txt (text/plain) in CBT.V505.FILE454.PDS, moved to PDS/PARA
2023-08-06 04:09:54.873929 - Found PARA@.txt (text/plain) in CBT.V505.FILE454.PDS, moved to PDS/PARA@
2023-08-06 04:09:54.874789 - Found PBOOKT1.txt (text/plain) in CBT.V505.FILE454.PDS, moved to PDS/PBOOKT1
2023-08-06 04:09:54.875747 - Found PBOOKT2.txt (text/plain) in CBT.V505.FILE454.PDS, moved to PDS/PBOOKT2
2023-08-06 04:09:54.876641 - Found PBOOKT3.txt (text/plain) in CBT.V505.FILE454.PDS, moved to PDS/PBOOKT3
2023-08-06 04:09:54.877493 - Found PBOOKT4.txt (text/plain) in CBT.V505.FILE454.PDS, moved to PDS/PBOOKT4
2023-08-06 04:09:54.878371 - Found PBOOKT5.txt (text/plain) in CBT.V505.FILE454.PDS, moved to PDS/PBOOKT5
2023-08-06 04:09:54.879225 - Found PBOOKT6.txt (text/plain) in CBT.V505.FILE454.PDS, moved to PDS/PBOOKT6
2023-08-06 04:09:54.880040 - Found PBOOKT7.txt (text/plain) in CBT.V505.FILE454.PDS, moved to PDS/PBOOKT7
2023-08-06 04:09:54.880868 - Found PBOOKT8.txt (text/plain) in CBT.V505.FILE454.PDS, moved to PDS/PBOOKT8
2023-08-06 04:09:54.881849 - Found PBOOKT9.txt (text/plain) in CBT.V505.FILE454.PDS, moved to PDS/PBOOKT9
2023-08-06 04:09:54.882831 - Found PBOOK0.txt (text/plain) in CBT.V505.FILE454.PDS, moved to PDS/PBOOK0
2023-08-06 04:09:54.883723 - Found PBOOK00.txt (text/plain) in CBT.V505.FILE454.PDS, moved to PDS/PBOOK00
2023-08-06 04:09:54.884622 - Found PBOOK000.txt (text/plain) in CBT.V505.FILE454.PDS, moved to PDS/PBOOK000
2023-08-06 04:09:54.885655 - Found PBOOK1.txt (text/plain) in CBT.V505.FILE454.PDS, moved to PDS/PBOOK1
2023-08-06 04:09:54.886618 - Found PBOOK2.txt (text/plain) in CBT.V505.FILE454.PDS, moved to PDS/PBOOK2
2023-08-06 04:09:54.887541 - Found PBOOK3.txt (text/plain) in CBT.V505.FILE454.PDS, moved to PDS/PBOOK3
2023-08-06 04:09:54.888521 - Found PBOOK4.txt (text/plain) in CBT.V505.FILE454.PDS, moved to PDS/PBOOK4
2023-08-06 04:09:54.889502 - Found PBOOK5.txt (text/plain) in CBT.V505.FILE454.PDS, moved to PDS/PBOOK5
2023-08-06 04:09:54.890551 - Found PBOOK6.txt (text/plain) in CBT.V505.FILE454.PDS, moved to PDS/PBOOK6
2023-08-06 04:09:54.891431 - Found PDREAD.txt (text/plain) in CBT.V505.FILE454.PDS, moved to PDS/PDREAD
2023-08-06 04:09:54.892394 - Found PDREAD$.jcl (text/plain) in CBT.V505.FILE454.PDS, moved to PDS/PDREAD$
2023-08-06 04:09:54.893303 - Found PDREAD@.txt (text/plain) in CBT.V505.FILE454.PDS, moved to PDS/PDREAD@
2023-08-06 04:09:54.894202 - Found PDSW.txt (text/plain) in CBT.V505.FILE454.PDS, moved to PDS/PDSW
2023-08-06 04:09:54.895124 - Found PDSW$.jcl (text/plain) in CBT.V505.FILE454.PDS, moved to PDS/PDSW$
2023-08-06 04:09:54.896028 - Found PDSW@.txt (text/plain) in CBT.V505.FILE454.PDS, moved to PDS/PDSW@
2023-08-06 04:09:54.896995 - Found PDSWH.txt (text/plain) in CBT.V505.FILE454.PDS, moved to PDS/PDSWH
2023-08-06 04:09:54.897821 - Found PDSWP.txt (text/plain) in CBT.V505.FILE454.PDS, moved to PDS/PDSWP
2023-08-06 04:09:54.898874 - Found PEDIT.txt (text/plain) in CBT.V505.FILE454.PDS, moved to PDS/PEDIT
2023-08-06 04:09:54.899676 - Found PEDIT@.txt (text/plain) in CBT.V505.FILE454.PDS, moved to PDS/PEDIT@
2023-08-06 04:09:54.900649 - Found PLREAD.txt (text/plain) in CBT.V505.FILE454.PDS, moved to PDS/PLREAD
2023-08-06 04:09:54.901509 - Found PLREAD$.jcl (text/plain) in CBT.V505.FILE454.PDS, moved to PDS/PLREAD$
2023-08-06 04:09:54.902447 - Found PLREAD@.txt (text/plain) in CBT.V505.FILE454.PDS, moved to PDS/PLREAD@
2023-08-06 04:09:54.903305 - Found PLUG.txt (text/plain) in CBT.V505.FILE454.PDS, moved to PDS/PLUG
2023-08-06 04:09:54.904088 - Found PLUG@.txt (text/plain) in CBT.V505.FILE454.PDS, moved to PDS/PLUG@
2023-08-06 04:09:54.904861 - Found PSWR.txt (text/plain) in CBT.V505.FILE454.PDS, moved to PDS/PSWR
2023-08-06 04:09:54.905700 - Found PSWR$.jcl (text/plain) in CBT.V505.FILE454.PDS, moved to PDS/PSWR$
2023-08-06 04:09:54.906659 - Found PSWR@.txt (text/plain) in CBT.V505.FILE454.PDS, moved to PDS/PSWR@
2023-08-06 04:09:54.907487 - Found PSWREST.txt (text/plain) in CBT.V505.FILE454.PDS, moved to PDS/PSWREST
2023-08-06 04:09:54.908413 - Found RDCHK.txt (text/plain) in CBT.V505.FILE454.PDS, moved to PDS/RDCHK
2023-08-06 04:09:54.909319 - Found RDCHK$.jcl (text/plain) in CBT.V505.FILE454.PDS, moved to PDS/RDCHK$
2023-08-06 04:09:54.910274 - Found RDCHK@.txt (text/plain) in CBT.V505.FILE454.PDS, moved to PDS/RDCHK@
2023-08-06 04:09:54.911216 - Found RESAUTH.txt (text/plain) in CBT.V505.FILE454.PDS, moved to PDS/RESAUTH
2023-08-06 04:09:54.912115 - Found RESETKEY.txt (text/plain) in CBT.V505.FILE454.PDS, moved to PDS/RESETKEY
2023-08-06 04:09:54.913011 - Found RESUME.txt (text/plain) in CBT.V505.FILE454.PDS, moved to PDS/RESUME
2023-08-06 04:09:54.913910 - Found RESUME@.txt (text/plain) in CBT.V505.FILE454.PDS, moved to PDS/RESUME@
2023-08-06 04:09:54.914809 - Found RGROUP.txt (text/plain) in CBT.V505.FILE454.PDS, moved to PDS/RGROUP
2023-08-06 04:09:54.915627 - Found RGROUP$.jcl (text/plain) in CBT.V505.FILE454.PDS, moved to PDS/RGROUP$
2023-08-06 04:09:54.916443 - Found RGROUP@.txt (text/plain) in CBT.V505.FILE454.PDS, moved to PDS/RGROUP@
2023-08-06 04:09:54.917255 - Found RGROUPH.txt (text/plain) in CBT.V505.FILE454.PDS, moved to PDS/RGROUPH
2023-08-06 04:09:54.918206 - Found RJUST.txt (text/plain) in CBT.V505.FILE454.PDS, moved to PDS/RJUST
2023-08-06 04:09:54.919100 - Found RJUST@.txt (text/plain) in CBT.V505.FILE454.PDS, moved to PDS/RJUST@
2023-08-06 04:09:54.919928 - Found RPROT.txt (text/plain) in CBT.V505.FILE454.PDS, moved to PDS/RPROT
2023-08-06 04:09:54.920880 - Found RPROT$.jcl (text/plain) in CBT.V505.FILE454.PDS, moved to PDS/RPROT$
2023-08-06 04:09:54.921793 - Found RPROT@.txt (text/plain) in CBT.V505.FILE454.PDS, moved to PDS/RPROT@
2023-08-06 04:09:54.922773 - Found RPROTH.txt (text/plain) in CBT.V505.FILE454.PDS, moved to PDS/RPROTH
2023-08-06 04:09:54.923769 - Found RSVENQ.txt (text/plain) in CBT.V505.FILE454.PDS, moved to PDS/RSVENQ
2023-08-06 04:09:54.924828 - Found RSVENQ$.jcl (text/plain) in CBT.V505.FILE454.PDS, moved to PDS/RSVENQ$
2023-08-06 04:09:54.925785 - Found RSVENQ@.txt (text/plain) in CBT.V505.FILE454.PDS, moved to PDS/RSVENQ@
2023-08-06 04:09:54.926920 - Found RTIME.txt (text/plain) in CBT.V505.FILE454.PDS, moved to PDS/RTIME
2023-08-06 04:09:54.927874 - Found RTIME$.jcl (text/plain) in CBT.V505.FILE454.PDS, moved to PDS/RTIME$
2023-08-06 04:09:54.928740 - Found RTIME@.txt (text/plain) in CBT.V505.FILE454.PDS, moved to PDS/RTIME@
2023-08-06 04:09:54.929622 - Found R050A90.txt (text/plain) in CBT.V505.FILE454.PDS, moved to PDS/R050A90
2023-08-06 04:09:54.930475 - Found R050A90$.jcl (text/plain) in CBT.V505.FILE454.PDS, moved to PDS/R050A90$
2023-08-06 04:09:54.931294 - Found SBOOK0.txt (text/plain) in CBT.V505.FILE454.PDS, moved to PDS/SBOOK0
2023-08-06 04:09:54.932124 - Found SCKPRM00.txt (text/plain) in CBT.V505.FILE454.PDS, moved to PDS/SCKPRM00
2023-08-06 04:09:54.932969 - Found SCRSZ.txt (text/plain) in CBT.V505.FILE454.PDS, moved to PDS/SCRSZ
2023-08-06 04:09:54.933821 - Found SCRSZ$.jcl (text/plain) in CBT.V505.FILE454.PDS, moved to PDS/SCRSZ$
2023-08-06 04:09:54.934641 - Found SCRSZ@.txt (text/plain) in CBT.V505.FILE454.PDS, moved to PDS/SCRSZ@
2023-08-06 04:09:54.935463 - Found SETAUTH.txt (text/plain) in CBT.V505.FILE454.PDS, moved to PDS/SETAUTH
2023-08-06 04:09:54.936286 - Found SKEL.txt (text/plain) in CBT.V505.FILE454.PDS, moved to PDS/SKEL
2023-08-06 04:09:54.937145 - Found SKEL@.txt (text/plain) in CBT.V505.FILE454.PDS, moved to PDS/SKEL@
2023-08-06 04:09:54.937985 - Found SKELCHK.txt (text/plain) in CBT.V505.FILE454.PDS, moved to PDS/SKELCHK
2023-08-06 04:09:54.938824 - Found SKELCHK@.txt (text/plain) in CBT.V505.FILE454.PDS, moved to PDS/SKELCHK@
2023-08-06 04:09:54.939667 - Found SLINE.txt (text/plain) in CBT.V505.FILE454.PDS, moved to PDS/SLINE
2023-08-06 04:09:54.940521 - Found SLINE@.txt (text/plain) in CBT.V505.FILE454.PDS, moved to PDS/SLINE@
2023-08-06 04:09:54.941433 - Found SRCHRPI.txt (text/plain) in CBT.V505.FILE454.PDS, moved to PDS/SRCHRPI
2023-08-06 04:09:54.942415 - Found SRCHRPI$.jcl (text/plain) in CBT.V505.FILE454.PDS, moved to PDS/SRCHRPI$
2023-08-06 04:09:54.943303 - Found SRCHRPI@.txt (text/plain) in CBT.V505.FILE454.PDS, moved to PDS/SRCHRPI@
2023-08-06 04:09:54.944175 - Found SSCMD.txt (text/plain) in CBT.V505.FILE454.PDS, moved to PDS/SSCMD
2023-08-06 04:09:54.945047 - Found SSCMD$.jcl (text/plain) in CBT.V505.FILE454.PDS, moved to PDS/SSCMD$
2023-08-06 04:09:54.946020 - Found SSCMD@.txt (text/plain) in CBT.V505.FILE454.PDS, moved to PDS/SSCMD@
2023-08-06 04:09:54.946885 - Found STCLOK.txt (text/plain) in CBT.V505.FILE454.PDS, moved to PDS/STCLOK
2023-08-06 04:09:54.947718 - Found STCLOK$.jcl (text/plain) in CBT.V505.FILE454.PDS, moved to PDS/STCLOK$
2023-08-06 04:09:54.948669 - Found STCLOK@.txt (text/plain) in CBT.V505.FILE454.PDS, moved to PDS/STCLOK@
2023-08-06 04:09:54.949597 - Found SUJVTA.txt (text/plain) in CBT.V505.FILE454.PDS, moved to PDS/SUJVTA
2023-08-06 04:09:54.950552 - Found SUJVTA$.jcl (text/plain) in CBT.V505.FILE454.PDS, moved to PDS/SUJVTA$
2023-08-06 04:09:54.951436 - Found SUM.txt (text/plain) in CBT.V505.FILE454.PDS, moved to PDS/SUM
2023-08-06 04:09:54.952480 - Found SUM@.txt (text/plain) in CBT.V505.FILE454.PDS, moved to PDS/SUM@
2023-08-06 04:09:54.953426 - Found SYSMAC@.txt (text/plain) in CBT.V505.FILE454.PDS, moved to PDS/SYSMAC@
2023-08-06 04:09:54.953437 - Found TMTH.bin containing application/octet-stream, moved to PDS/TMTH
2023-08-06 04:09:54.954346 - Found TMTHD.bin containing application/octet-stream, moved to PDS/TMTHD
2023-08-06 04:09:54.955268 - Found TMTHDK.bin containing application/octet-stream, moved to PDS/TMTHDK
2023-08-06 04:09:54.956215 - Found TMTHE.bin containing application/octet-stream, moved to PDS/TMTHE
2023-08-06 04:09:54.957227 - Found TMTHF.bin containing application/octet-stream, moved to PDS/TMTHF
2023-08-06 04:09:54.958157 - Found TMTHI.bin containing application/octet-stream, moved to PDS/TMTHI
2023-08-06 04:09:54.959168 - Found TMTHP.bin containing application/octet-stream, moved to PDS/TMTHP
2023-08-06 04:09:54.961220 - Found TRAP.txt (text/plain) in CBT.V505.FILE454.PDS, moved to PDS/TRAP
2023-08-06 04:09:54.962238 - Found TRAP@.txt (text/plain) in CBT.V505.FILE454.PDS, moved to PDS/TRAP@
2023-08-06 04:09:54.963136 - Found TSODSN.txt (text/plain) in CBT.V505.FILE454.PDS, moved to PDS/TSODSN
2023-08-06 04:09:54.963996 - Found TSODSN$.jcl (text/plain) in CBT.V505.FILE454.PDS, moved to PDS/TSODSN$
2023-08-06 04:09:54.965265 - Found TSODSN@.txt (text/plain) in CBT.V505.FILE454.PDS, moved to PDS/TSODSN@
2023-08-06 04:09:54.966198 - Found TSODSNH.txt (text/plain) in CBT.V505.FILE454.PDS, moved to PDS/TSODSNH
2023-08-06 04:09:54.967122 - Found TSOENQ.txt (text/plain) in CBT.V505.FILE454.PDS, moved to PDS/TSOENQ
2023-08-06 04:09:54.968005 - Found TSOENQ$.jcl (text/plain) in CBT.V505.FILE454.PDS, moved to PDS/TSOENQ$
2023-08-06 04:09:54.969146 - Found TSOENQ@.txt (text/plain) in CBT.V505.FILE454.PDS, moved to PDS/TSOENQ@
2023-08-06 04:09:54.969157 - Found TWKD.bin containing application/octet-stream, moved to PDS/TWKD
2023-08-06 04:09:54.970107 - Found TWKDD.bin containing application/octet-stream, moved to PDS/TWKDD
2023-08-06 04:09:54.971084 - Found TWKDDK.bin containing application/octet-stream, moved to PDS/TWKDDK
2023-08-06 04:09:54.972033 - Found TWKDE.bin containing application/octet-stream, moved to PDS/TWKDE
2023-08-06 04:09:54.973000 - Found TWKDF.bin containing application/octet-stream, moved to PDS/TWKDF
2023-08-06 04:09:54.973916 - Found TWKDI.bin containing application/octet-stream, moved to PDS/TWKDI
2023-08-06 04:09:54.974903 - Found TWKDP.bin containing application/octet-stream, moved to PDS/TWKDP
2023-08-06 04:09:54.976728 - Found TXPRINT.txt (text/plain) in CBT.V505.FILE454.PDS, moved to PDS/TXPRINT
2023-08-06 04:09:54.977805 - Found TXPRINT$.jcl (text/plain) in CBT.V505.FILE454.PDS, moved to PDS/TXPRINT$
2023-08-06 04:09:54.978729 - Found TXPRINT@.txt (text/plain) in CBT.V505.FILE454.PDS, moved to PDS/TXPRINT@
2023-08-06 04:09:54.979731 - Found TXPUNCH.txt (text/plain) in CBT.V505.FILE454.PDS, moved to PDS/TXPUNCH
2023-08-06 04:09:54.980684 - Found TXPUNCH$.jcl (text/plain) in CBT.V505.FILE454.PDS, moved to PDS/TXPUNCH$
2023-08-06 04:09:54.981718 - Found TXPUNCH@.txt (text/plain) in CBT.V505.FILE454.PDS, moved to PDS/TXPUNCH@
2023-08-06 04:09:54.982679 - Found TXREAD.txt (text/plain) in CBT.V505.FILE454.PDS, moved to PDS/TXREAD
2023-08-06 04:09:54.983624 - Found TXREAD$.jcl (text/plain) in CBT.V505.FILE454.PDS, moved to PDS/TXREAD$
2023-08-06 04:09:54.984651 - Found TXREAD@.txt (text/plain) in CBT.V505.FILE454.PDS, moved to PDS/TXREAD@
2023-08-06 04:09:54.985604 - Found TXSNAP.txt (text/plain) in CBT.V505.FILE454.PDS, moved to PDS/TXSNAP
2023-08-06 04:09:54.986572 - Found TXSNAP$.jcl (text/plain) in CBT.V505.FILE454.PDS, moved to PDS/TXSNAP$
2023-08-06 04:09:54.987510 - Found TXSNAP@.txt (text/plain) in CBT.V505.FILE454.PDS, moved to PDS/TXSNAP@
2023-08-06 04:09:54.988462 - Found UADS.txt (text/plain) in CBT.V505.FILE454.PDS, moved to PDS/UADS
2023-08-06 04:09:54.989365 - Found UADS$.jcl (text/plain) in CBT.V505.FILE454.PDS, moved to PDS/UADS$
2023-08-06 04:09:54.990316 - Found UADS@.txt (text/plain) in CBT.V505.FILE454.PDS, moved to PDS/UADS@
2023-08-06 04:09:54.991233 - Found UADSH.txt (text/plain) in CBT.V505.FILE454.PDS, moved to PDS/UADSH
2023-08-06 04:09:54.992184 - Found UNIT.txt (text/plain) in CBT.V505.FILE454.PDS, moved to PDS/UNIT
2023-08-06 04:09:54.993194 - Found UNIT$.jcl (text/plain) in CBT.V505.FILE454.PDS, moved to PDS/UNIT$
2023-08-06 04:09:54.994061 - Found UNIT@.txt (text/plain) in CBT.V505.FILE454.PDS, moved to PDS/UNIT@
2023-08-06 04:09:54.994994 - Found UNITH.txt (text/plain) in CBT.V505.FILE454.PDS, moved to PDS/UNITH
2023-08-06 04:09:54.995919 - Found UNITS.txt (text/plain) in CBT.V505.FILE454.PDS, moved to PDS/UNITS
2023-08-06 04:09:54.996811 - Found UNITS$.jcl (text/plain) in CBT.V505.FILE454.PDS, moved to PDS/UNITS$
2023-08-06 04:09:54.997757 - Found UNITS@.txt (text/plain) in CBT.V505.FILE454.PDS, moved to PDS/UNITS@
2023-08-06 04:09:54.998746 - Found UNITSH.txt (text/plain) in CBT.V505.FILE454.PDS, moved to PDS/UNITSH
2023-08-06 04:09:54.999710 - Found UPDTMACS.txt (text/plain) in CBT.V505.FILE454.PDS, moved to PDS/UPDTMACS
2023-08-06 04:09:55.000687 - Found USERS.txt (text/plain) in CBT.V505.FILE454.PDS, moved to PDS/USERS
2023-08-06 04:09:55.001668 - Found USERS$.jcl (text/plain) in CBT.V505.FILE454.PDS, moved to PDS/USERS$
2023-08-06 04:09:55.002603 - Found USERS@.txt (text/plain) in CBT.V505.FILE454.PDS, moved to PDS/USERS@
2023-08-06 04:09:55.003568 - Found VGPSUB.txt (text/plain) in CBT.V505.FILE454.PDS, moved to PDS/VGPSUB
2023-08-06 04:09:55.004489 - Found VGPSUB$.jcl (text/plain) in CBT.V505.FILE454.PDS, moved to PDS/VGPSUB$
2023-08-06 04:09:55.005428 - Found VGPSUB@.txt (text/plain) in CBT.V505.FILE454.PDS, moved to PDS/VGPSUB@
2023-08-06 04:09:55.006492 - Found VREAD.txt (text/plain) in CBT.V505.FILE454.PDS, moved to PDS/VREAD
2023-08-06 04:09:55.007428 - Found VREAD$.jcl (text/plain) in CBT.V505.FILE454.PDS, moved to PDS/VREAD$
2023-08-06 04:09:55.008375 - Found VREAD@.txt (text/plain) in CBT.V505.FILE454.PDS, moved to PDS/VREAD@
2023-08-06 04:09:55.009326 - Found VTOCD.txt (text/plain) in CBT.V505.FILE454.PDS, moved to PDS/VTOCD
2023-08-06 04:09:55.010245 - Found VTOCD$.jcl (text/plain) in CBT.V505.FILE454.PDS, moved to PDS/VTOCD$
2023-08-06 04:09:55.011182 - Found VTOCD@.txt (text/plain) in CBT.V505.FILE454.PDS, moved to PDS/VTOCD@
2023-08-06 04:09:55.012131 - Found VTOCQ.txt (text/plain) in CBT.V505.FILE454.PDS, moved to PDS/VTOCQ
2023-08-06 04:09:55.013056 - Found VTOCQ$.jcl (text/plain) in CBT.V505.FILE454.PDS, moved to PDS/VTOCQ$
2023-08-06 04:09:55.013946 - Found VTOCQ@.txt (text/plain) in CBT.V505.FILE454.PDS, moved to PDS/VTOCQ@
2023-08-06 04:09:55.014897 - Found VTOCS.txt (text/plain) in CBT.V505.FILE454.PDS, moved to PDS/VTOCS
2023-08-06 04:09:55.015813 - Found VTOCS$.jcl (text/plain) in CBT.V505.FILE454.PDS, moved to PDS/VTOCS$
2023-08-06 04:09:55.016740 - Found VTOCS@.txt (text/plain) in CBT.V505.FILE454.PDS, moved to PDS/VTOCS@
2023-08-06 04:09:55.017706 - Found VTTCAM.txt (text/plain) in CBT.V505.FILE454.PDS, moved to PDS/VTTCAM
2023-08-06 04:09:55.018630 - Found VTTCAM$.jcl (text/plain) in CBT.V505.FILE454.PDS, moved to PDS/VTTCAM$
2023-08-06 04:09:55.019594 - Found VTTCAM@.txt (text/plain) in CBT.V505.FILE454.PDS, moved to PDS/VTTCAM@
2023-08-06 04:09:55.020520 - Found WAITR.txt (text/plain) in CBT.V505.FILE454.PDS, moved to PDS/WAITR
2023-08-06 04:09:55.021479 - Found WAITR$.jcl (text/plain) in CBT.V505.FILE454.PDS, moved to PDS/WAITR$
2023-08-06 04:09:55.022389 - Found WAITR@.txt (text/plain) in CBT.V505.FILE454.PDS, moved to PDS/WAITR@
2023-08-06 04:09:55.023315 - Found WAITRH.txt (text/plain) in CBT.V505.FILE454.PDS, moved to PDS/WAITRH
2023-08-06 04:09:55.024288 - Found WPC.txt (text/plain) in CBT.V505.FILE454.PDS, moved to PDS/WPC
2023-08-06 04:09:55.025270 - Found WPC$.jcl (text/plain) in CBT.V505.FILE454.PDS, moved to PDS/WPC$
2023-08-06 04:09:55.026174 - Found WPC@.txt (text/plain) in CBT.V505.FILE454.PDS, moved to PDS/WPC@
2023-08-06 04:09:55.027110 - Found WPCH.txt (text/plain) in CBT.V505.FILE454.PDS, moved to PDS/WPCH
2023-08-06 04:09:55.027998 - Found XTC.txt (text/plain) in CBT.V505.FILE454.PDS, moved to PDS/XTC
2023-08-06 04:09:55.028893 - Found XTC$.jcl (text/plain) in CBT.V505.FILE454.PDS, moved to PDS/XTC$
2023-08-06 04:09:55.029857 - Found XTC@.txt (text/plain) in CBT.V505.FILE454.PDS, moved to PDS/XTC@
2023-08-06 04:09:55.030833 - Found XTCL.txt (text/plain) in CBT.V505.FILE454.PDS, moved to PDS/XTCL
2023-08-06 04:09:55.031818 - Found XTCLE.txt (text/plain) in CBT.V505.FILE454.PDS, moved to PDS/XTCLE
2023-08-06 04:09:55.032744 - Found ZEROKEY.txt (text/plain) in CBT.V505.FILE454.PDS, moved to PDS/ZEROKEY
2023-08-06 04:09:55.033647 - Found ZOOM.txt (text/plain) in CBT.V505.FILE454.PDS, moved to PDS/ZOOM
2023-08-06 04:09:55.034602 - Found ZOOM@.txt (text/plain) in CBT.V505.FILE454.PDS, moved to PDS/ZOOM@
